;  LST file generated by mikroListExporter - v.2.0 
; Date/Time: 05/05/2016 10:50:22
;----------------------------------------------

;Address Opcode 	ASM
0x0000	0xF000EF32  	GOTO        100
_interrupt:
;Practica10a.c,3 :: 		void interrupt()
;Practica10a.c,5 :: 		if(INTCON.INT0IF)
0x0008	0xB2F2      	BTFSC       INTCON, 1 
;Practica10a.c,7 :: 		INTCON.INT0IF=0;
0x000A	0x92F2      	BCF         INTCON, 1 
;Practica10a.c,8 :: 		}
L_interrupt0:
;Practica10a.c,10 :: 		if(INTCON3.INT1IF)
0x000C	0xB0F0      	BTFSC       INTCON3, 0 
;Practica10a.c,12 :: 		INTCON3.INT1IF=0;
0x000E	0x90F0      	BCF         INTCON3, 0 
;Practica10a.c,13 :: 		}
L_interrupt1:
;Practica10a.c,14 :: 		}
L_end_interrupt:
L__interrupt5:
0x0010	0x0011      	RETFIE      1
; end of _interrupt
_SPI1_Write:
;__Lib_SPI_c345.c,76 :: 		
;__Lib_SPI_c345.c,79 :: 		
0x0012	0xFFC9C01F  	MOVFF       FARG_SPI1_Write_data_, SSPBUF
;__Lib_SPI_c345.c,80 :: 		
L_SPI1_Write8:
0x0016	0xB0C7      	BTFSC       SSPSTAT, 0 
0x0018	0xD002      	BRA         L_SPI1_Write9
;__Lib_SPI_c345.c,81 :: 		
0x001A	0x0000      	NOP
0x001C	0xD7FC      	BRA         L_SPI1_Write8
L_SPI1_Write9:
;__Lib_SPI_c345.c,82 :: 		
0x001E	0xF000CFC9  	MOVFF       SSPBUF, R0
;__Lib_SPI_c345.c,84 :: 		
L_end_SPI1_Write:
0x0022	0x0012      	RETURN      0
; end of _SPI1_Write
___CC2DW:
;__Lib_System.c,21 :: 		
;__Lib_System.c,23 :: 		
_CC2DL_Loop1:
;__Lib_System.c,24 :: 		
0x0024	0x0009      	TBLRD*+
;__Lib_System.c,25 :: 		
0x0026	0xFFE6CFF5  	MOVFF       TABLAT, POSTINC1
;__Lib_System.c,26 :: 		
0x002A	0x0600      	DECF        R0, 1, 0
;__Lib_System.c,27 :: 		
0x002C	0xE1FB      	BNZ         _CC2DL_Loop1
;__Lib_System.c,28 :: 		
0x002E	0x0601      	DECF        R1, 1, 0
;__Lib_System.c,29 :: 		
0x0030	0xE1F9      	BNZ         _CC2DL_Loop1
;__Lib_System.c,31 :: 		
L_end___CC2DW:
0x0032	0x0012      	RETURN      0
; end of ___CC2DW
_SPI1_Init:
;__Lib_SPI_c345.c,23 :: 		
;__Lib_SPI_c345.c,24 :: 		
0x0034	0x0EFF      	MOVLW       _SPI1_Read
0x0036	0x6E15      	MOVWF       _SPI_Rd_Ptr 
0x0038	0x0EFF      	MOVLW       hi_addr(_SPI1_Read)
0x003A	0x6E16      	MOVWF       _SPI_Rd_Ptr+1 
0x003C	0x0EFF      	MOVLW       FARG_SPI1_Read_buffer
0x003E	0x6E17      	MOVWF       _SPI_Rd_Ptr+2 
0x0040	0x0EFF      	MOVLW       hi_addr(FARG_SPI1_Read_buffer)
0x0042	0x6E18      	MOVWF       _SPI_Rd_Ptr+3 
;__Lib_SPI_c345.c,25 :: 		
0x0044	0x0E12      	MOVLW       _SPI1_Write
0x0046	0x6E19      	MOVWF       _SPI_Wr_Ptr 
0x0048	0x0E00      	MOVLW       hi_addr(_SPI1_Write)
0x004A	0x6E1A      	MOVWF       _SPI_Wr_Ptr+1 
0x004C	0x0E1F      	MOVLW       FARG_SPI1_Write_data_
0x004E	0x6E1B      	MOVWF       _SPI_Wr_Ptr+2 
0x0050	0x0E00      	MOVLW       hi_addr(FARG_SPI1_Write_data_)
0x0052	0x6E1C      	MOVWF       _SPI_Wr_Ptr+3 
;__Lib_SPI_c345.c,27 :: 		
0x0054	0x9A94      	BCF         TRISC5_bit, BitPos(TRISC5_bit+0) 
;__Lib_SPI_c345.c,28 :: 		
0x0056	0x9694      	BCF         TRISC3_bit, BitPos(TRISC3_bit+0) 
;__Lib_SPI_c345.c,29 :: 		
0x0058	0x8894      	BSF         TRISC4_bit, BitPos(TRISC4_bit+0) 
;__Lib_SPI_c345.c,31 :: 		
0x005A	0x6AC6      	CLRF        SSPCON1 
;__Lib_SPI_c345.c,32 :: 		
0x005C	0x0E40      	MOVLW       64
0x005E	0x6EC7      	MOVWF       SSPSTAT 
;__Lib_SPI_c345.c,33 :: 		
0x0060	0x8AC6      	BSF         SSPCON1, 5 
;__Lib_SPI_c345.c,35 :: 		
L_end_SPI1_Init:
0x0062	0x0012      	RETURN      0
; end of _SPI1_Init
_main:
;Practica10a.c,17 :: 		void main() {
;Practica10a.c,19 :: 		char aux = 0;
;Practica10a.c,20 :: 		int paquete = 0xFFFF;
0x0064	0x0EFF      	MOVLW       255
0x0066	0x6E1D      	MOVWF       main_paquete_L0 
0x0068	0x0EFF      	MOVLW       255
0x006A	0x6E1E      	MOVWF       main_paquete_L0+1 
;Practica10a.c,22 :: 		TRISC = 0;
0x006C	0x6A94      	CLRF        TRISC 
;Practica10a.c,39 :: 		SPI1_Init();
0x006E	0xDFE2      	RCALL       _SPI1_Init
;Practica10a.c,41 :: 		aux = 0x30 | ((paquete >> 8) & 0x0F);
0x0070	0xF000C01E  	MOVFF       main_paquete_L0+1, R0
0x0074	0x0E00      	MOVLW       0
0x0076	0xBE1E      	BTFSC       main_paquete_L0+1, 7 
0x0078	0x0EFF      	MOVLW       255
0x007A	0x6E01      	MOVWF       R1 
0x007C	0x0E0F      	MOVLW       15
0x007E	0x1400      	ANDWF       R0, 0 
0x0080	0x6E00      	MOVWF       R0 
0x0082	0x0E30      	MOVLW       48
0x0084	0x1000      	IORWF       R0, 0 
0x0086	0x6E1F      	MOVWF       FARG_SPI1_Write_data_ 
;Practica10a.c,43 :: 		PORTC.B0 = 0; //Bit CS = 0
0x0088	0x9082      	BCF         PORTC, 0 
;Practica10a.c,45 :: 		SPI1_Write(aux);
0x008A	0xDFC3      	RCALL       _SPI1_Write
;Practica10a.c,46 :: 		SPI1_Write(0xFF);
0x008C	0x0EFF      	MOVLW       255
0x008E	0x6E1F      	MOVWF       FARG_SPI1_Write_data_ 
0x0090	0xDFC0      	RCALL       _SPI1_Write
;Practica10a.c,48 :: 		PORTC.B0 = 1; //Bit CS = 0
0x0092	0x8082      	BSF         PORTC, 0 
;Practica10a.c,50 :: 		while(1)
L_main2:
;Practica10a.c,51 :: 		{}
0x0094	0xD7FF      	BRA         L_main2
;Practica10a.c,52 :: 		}
L_end_main:
0x0096	0xD7FF      	BRA         $+0
; end of _main
Symbol List:
//** Routines locations **
//ADDRESS    SIZE    PROCEDURE
//----------------------------------------------
0x0008      [10]    _interrupt
0x0012      [18]    _SPI1_Write
0x0024      [16]    ___CC2DW
0x0034      [48]    _SPI1_Init
0x0064      [52]    _main
//** Variables locations ** 
//ADDRESS    SIZE    VARIABLE
//----------------------------------------------
0x0000       [1]    SPI1_Write_tmp_L0
0x0000       [1]    __Lib_SoftI2C_PutZerosToLATScl_temp_scl_L0
0x0000       [1]    __Lib_SoftI2C_PutZerosToLATSda_temp_sda_L0
0x0000       [1]    EEPROM_Write_SaveINTCON_L0
0x0000       [1]    R0
0x0000       [1]    UART1_Init_tmp_L0
0x0000       [1]    FLASH_Erase_64_SaveINTCON_L0
0x0001       [1]    FLASH_Erase_Write_64_i_L0
0x0001       [1]    I2C1_Rd_tmp_L0
0x0001       [1]    R1
0x0001       [1]    ispunct_rslt_L0
0x0001       [1]    __Lib_TFT_JPEG_FileRead_i_L0
0x0001       [1]    __Lib_TFT_16bit_JPEG_FileRead_i_L0
0x0001       [1]    __Lib_TFT_16bit_JPEG_FileReadBytes_Result_L0
0x0001       [2]    FLASH_Read_N_Bytes_i_L0
0x0001       [1]    UART1_Read___tmp_UART1_Read_L0
0x0001       [1]    __Lib_PS2_Wait_Falling_nsample_L0
0x0001       [1]    __Lib_TFT_JPEG_FileReadBytes_Result_L0
0x0001       [1]    FLASH_Write_8_i_L0
0x0002       [2]    memset_pp_L0
0x0002       [1]    FLASH_Write_8_SaveINTCON_L0
0x0002       [2]    strlen_cp_L0
0x0002       [1]    FLASH_Erase_Write_64_j_L0
0x0002       [1]    R2
0x0002       [2]    memcpy_dd_L0
0x0002       [2]    memchr_s_L0
0x0003       [1]    R3
0x0003       [2]    memmove_tt_L0
0x0003       [2]    __Lib_MmcFat16_f16_toInt_l_L0
0x0003       [2]    Ltrim_original_L0
0x0003       [1]    FLASH_Erase_Write_64_SaveINTCON_L0
0x0003       [1]    MM_Init_i_L0
0x0003       [2]    MM_TotalFreeMemSize_Tot_L0
0x0003       [1]    __Lib_Sprinti_?FLOC____Lib_Sprinti_Do_FillT29
0x0004       [2]    strcpy_cp_L0
0x0004       [2]    frexp_pom_L0
0x0004       [2]    memcpy_ss_L0
0x0004       [2]    __Lib_MemManager_MM_GetMemAlign_P_L0
0x0004       [2]    strncat_cp_L0
0x0004       [1]    __Lib_Sprinti_?FLOC____Lib_Sprinti_Do_FillT40
0x0004       [1]    R4
0x0004       [2]    strcat_cp_L0
0x0004       [2]    strncpy_cp_L0
0x0005       [1]    MM_TotalFreeMemSize_i_L0
0x0005       [2]    LongIntToHex_input_half_L0
0x0005       [2]    LongWordToHex_input_half_L0
0x0005       [2]    Ltrim_p_L0
0x0005       [1]    R5
0x0005       [2]    memmove_ff_L0
0x0005       [1]    __Lib_Sprinti_?FLOC____Lib_Sprinti_Do_FillT54
0x0006       [1]    __Lib_MemManager_MM_GetMemAlign_i_L0
0x0006       [1]    __Lib_Sprinti_?FLOC____Lib_Sprinti_Do_FillT69
0x0006       [1]    R6
0x0007       [1]    __Lib_TFT_JPEG_GenerateHuffmanTables_bLength_L0
0x0007       [1]    R7
0x0007       [1]    __Lib_TFT_16bit_JPEG_GenerateHuffmanTables_bLength_L0
0x0008       [1]    __Lib_TFT_16bit_JPEG_GenerateHuffmanTables_bTable_L0
0x0008       [1]    R8
0x0008       [1]    __Lib_TFT_JPEG_GenerateHuffmanTables_bTable_L0
0x0009       [1]    R9
0x0009       [4]    __Lib_MmcFat16_f16_toLong_l_L0
0x000A       [1]    R10
0x000B       [1]    R11
0x000C       [1]    R12
0x000D       [1]    R13
0x000E       [1]    R14
0x000F       [1]    R15
0x0010       [1]    R16
0x0011       [1]    R17
0x0012       [1]    R18
0x0013       [1]    R19
0x0014       [1]    R20
0x0015       [4]    _SPI_Rd_Ptr
0x0019       [4]    _SPI_Wr_Ptr
0x001D       [2]    main_paquete_L0
0x001F       [1]    FARG_SPI1_Write_data_
0x0F82       [1]    PORTC
0x0F94       [0]    TRISC5_bit
0x0F94       [0]    TRISC3_bit
0x0F94       [0]    TRISC4_bit
0x0F94       [1]    TRISC
0x0FC6       [1]    SSPCON1
0x0FC7       [1]    SSPSTAT
0x0FC9       [1]    SSPBUF
0x0FD8       [1]    STATUS
0x0FD9       [1]    FSR2L
0x0FDA       [1]    FSR2H
0x0FDE       [1]    POSTINC2
0x0FE0       [1]    BSR
0x0FE1       [1]    FSR1L
0x0FE2       [1]    FSR1H
0x0FE4       [1]    PREINC1
0x0FE6       [1]    POSTINC1
0x0FE7       [1]    INDF1
0x0FE8       [1]    WREG
0x0FE9       [1]    FSR0L
0x0FEA       [1]    FSR0H
0x0FEE       [1]    POSTINC0
0x0FF0       [1]    INTCON3
0x0FF2       [1]    INTCON
0x0FF3       [1]    PRODL
0x0FF4       [1]    PRODH
0x0FF5       [1]    TABLAT
0x0FF6       [1]    TBLPTRL
0x0FF7       [1]    TBLPTRH
0x0FF8       [1]    TBLPTRU
