;  LST file generated by mikroListExporter - v.2.0 
; Date/Time: 18/03/2016 14:38:25
;----------------------------------------------

;Address Opcode 	ASM
0x0000	0xF001EF89  	GOTO        786
_interrupt:
;Practica7b.c,22 :: 		void interrupt(){
0x0008	0xF017C000  	MOVFF       R0, 23
0x000C	0xF016C001  	MOVFF       R1, 22
0x0010	0xF015C00C  	MOVFF       R12, 21
;Practica7b.c,23 :: 		if(PIR1.ADIF)
0x0014	0xAC9E      	BTFSS       PIR1, 6 
0x0016	0xD027      	BRA         L_interrupt0
;Practica7b.c,26 :: 		aux=ADRESL;
0x0018	0xF01CCFC3  	MOVFF       ADRESL, _aux
0x001C	0x0E00      	MOVLW       0
0x001E	0x6E1D      	MOVWF       _aux+1 
;Practica7b.c,27 :: 		aux=aux+(ADRESH<<8);
0x0020	0xF001CFC4  	MOVFF       ADRESH, R1
0x0024	0x6A00      	CLRF        R0 
0x0026	0x5000      	MOVF        R0, 0 
0x0028	0x261C      	ADDWF       _aux, 1 
0x002A	0x5001      	MOVF        R1, 0 
0x002C	0x221D      	ADDWFC      _aux+1, 1 
;Practica7b.c,28 :: 		aux=500;
0x002E	0x0EF4      	MOVLW       244
0x0030	0x6E1C      	MOVWF       _aux 
0x0032	0x0E01      	MOVLW       1
0x0034	0x6E1D      	MOVWF       _aux+1 
;Practica7b.c,29 :: 		result=aux*0.0048875;
0x0036	0x0E66      	MOVLW       102
0x0038	0x6E18      	MOVWF       _result 
0x003A	0x0E66      	MOVLW       102
0x003C	0x6E19      	MOVWF       _result+1 
0x003E	0x0E1C      	MOVLW       28
0x0040	0x6E1A      	MOVWF       _result+2 
0x0042	0x0E80      	MOVLW       128
0x0044	0x6E1B      	MOVWF       _result+3 
;Practica7b.c,30 :: 		WordToStr(aux, txt);
0x0046	0x0EF4      	MOVLW       244
0x0048	0x6E39      	MOVWF       FARG_WordToStr_input 
0x004A	0x0E01      	MOVLW       1
0x004C	0x6E3A      	MOVWF       FARG_WordToStr_input+1 
0x004E	0x0E23      	MOVLW       _txt
0x0050	0x6E3B      	MOVWF       FARG_WordToStr_output 
0x0052	0x0E00      	MOVLW       hi_addr(_txt)
0x0054	0x6E3C      	MOVWF       FARG_WordToStr_output+1 
0x0056	0xD885      	RCALL       _WordToStr
;Practica7b.c,34 :: 		T0CON = 0x85;     //Inicio reloj otra vez
0x0058	0x0E85      	MOVLW       133
0x005A	0x6ED5      	MOVWF       T0CON 
;Practica7b.c,35 :: 		TMR0H = (3036 >>8);  //2 seg en modo 16 bits
0x005C	0x0E0B      	MOVLW       11
0x005E	0x6ED7      	MOVWF       TMR0H 
;Practica7b.c,36 :: 		TMR0L = 3036;
0x0060	0x0EDC      	MOVLW       220
0x0062	0x6ED6      	MOVWF       TMR0L 
;Practica7b.c,38 :: 		PIR1.ADIF=0;
0x0064	0x9C9E      	BCF         PIR1, 6 
;Practica7b.c,39 :: 		}
L_interrupt0:
;Practica7b.c,41 :: 		if(INTCON.TMR0IF)
0x0066	0xA4F2      	BTFSS       INTCON, 2 
0x0068	0xD003      	BRA         L_interrupt1
;Practica7b.c,44 :: 		ADCON0.B2=1;
0x006A	0x84C2      	BSF         ADCON0, 2 
;Practica7b.c,45 :: 		T0CON.B7 = 0; //Detengo reloj para realizar conversión
0x006C	0x9ED5      	BCF         T0CON, 7 
;Practica7b.c,46 :: 		INTCON.TMR0IF = 0; // se borra el flag
0x006E	0x94F2      	BCF         INTCON, 2 
;Practica7b.c,47 :: 		}
L_interrupt1:
;Practica7b.c,48 :: 		}
L_end_interrupt:
L__interrupt5:
0x0070	0xF000C017  	MOVFF       23, R0
0x0074	0xF001C016  	MOVFF       22, R1
0x0078	0xF00CC015  	MOVFF       21, R12
0x007C	0x0011      	RETFIE      1
; end of _interrupt
_Delay_1us:
;__Lib_Delays.c,7 :: 		void Delay_1us() {
;__Lib_Delays.c,8 :: 		Delay_us(1);
0x007E	0x0000      	NOP
0x0080	0x0000      	NOP
;__Lib_Delays.c,9 :: 		}
L_end_Delay_1us:
0x0082	0x0012      	RETURN      0
; end of _Delay_1us
_Delay_5500us:
;__Lib_Delays.c,31 :: 		void Delay_5500us() {
;__Lib_Delays.c,32 :: 		Delay_us(5500);
0x0084	0x0E0F      	MOVLW       15
0x0086	0x6E0C      	MOVWF       R12, 0
0x0088	0x0E47      	MOVLW       71
0x008A	0x6E0D      	MOVWF       R13, 0
L_Delay_5500us5:
0x008C	0x2E0D      	DECFSZ      R13, 1, 0
0x008E	0xD7FE      	BRA         L_Delay_5500us5
0x0090	0x2E0C      	DECFSZ      R12, 1, 0
0x0092	0xD7FC      	BRA         L_Delay_5500us5
0x0094	0x0000      	NOP
0x0096	0x0000      	NOP
;__Lib_Delays.c,33 :: 		}
L_end_Delay_5500us:
0x0098	0x0012      	RETURN      0
; end of _Delay_5500us
_Delay_50us:
;__Lib_Delays.c,19 :: 		void Delay_50us() {
;__Lib_Delays.c,20 :: 		Delay_us(50);
0x009A	0x0E21      	MOVLW       33
0x009C	0x6E0D      	MOVWF       R13, 0
L_Delay_50us2:
0x009E	0x2E0D      	DECFSZ      R13, 1, 0
0x00A0	0xD7FE      	BRA         L_Delay_50us2
;__Lib_Delays.c,21 :: 		}
L_end_Delay_50us:
0x00A2	0x0012      	RETURN      0
; end of _Delay_50us
_Lcd_Cmd:
;__Lib_Lcd.c,18 :: 		
;__Lib_Lcd.c,20 :: 		
0x00A4	0xBE38      	BTFSC       FARG_Lcd_Cmd_out_char, 7 
0x00A6	0xD002      	BRA         L__Lcd_Cmd21
0x00A8	0x9E83      	BCF         LCD_D7, BitPos(LCD_D7+0) 
0x00AA	0xD001      	BRA         L__Lcd_Cmd22
L__Lcd_Cmd21:
0x00AC	0x8E83      	BSF         LCD_D7, BitPos(LCD_D7+0) 
L__Lcd_Cmd22:
;__Lib_Lcd.c,21 :: 		
0x00AE	0xBC38      	BTFSC       FARG_Lcd_Cmd_out_char, 6 
0x00B0	0xD002      	BRA         L__Lcd_Cmd23
0x00B2	0x9C83      	BCF         LCD_D6, BitPos(LCD_D6+0) 
0x00B4	0xD001      	BRA         L__Lcd_Cmd24
L__Lcd_Cmd23:
0x00B6	0x8C83      	BSF         LCD_D6, BitPos(LCD_D6+0) 
L__Lcd_Cmd24:
;__Lib_Lcd.c,22 :: 		
0x00B8	0xBA38      	BTFSC       FARG_Lcd_Cmd_out_char, 5 
0x00BA	0xD002      	BRA         L__Lcd_Cmd25
0x00BC	0x9A83      	BCF         LCD_D5, BitPos(LCD_D5+0) 
0x00BE	0xD001      	BRA         L__Lcd_Cmd26
L__Lcd_Cmd25:
0x00C0	0x8A83      	BSF         LCD_D5, BitPos(LCD_D5+0) 
L__Lcd_Cmd26:
;__Lib_Lcd.c,23 :: 		
0x00C2	0xB838      	BTFSC       FARG_Lcd_Cmd_out_char, 4 
0x00C4	0xD002      	BRA         L__Lcd_Cmd27
0x00C6	0x9883      	BCF         LCD_D4, BitPos(LCD_D4+0) 
0x00C8	0xD001      	BRA         L__Lcd_Cmd28
L__Lcd_Cmd27:
0x00CA	0x8883      	BSF         LCD_D4, BitPos(LCD_D4+0) 
L__Lcd_Cmd28:
;__Lib_Lcd.c,25 :: 		
0x00CC	0xB031      	BTFSC       __Lib_Lcd_cmd_status, BitPos(__Lib_Lcd_cmd_status+0) 
0x00CE	0xD002      	BRA         L__Lcd_Cmd29
0x00D0	0x8483      	BSF         LCD_RS, BitPos(LCD_RS+0) 
0x00D2	0xD001      	BRA         L__Lcd_Cmd30
L__Lcd_Cmd29:
0x00D4	0x9483      	BCF         LCD_RS, BitPos(LCD_RS+0) 
L__Lcd_Cmd30:
;__Lib_Lcd.c,28 :: 		
0x00D6	0x8683      	BSF         LCD_EN, BitPos(LCD_EN+0) 
;__Lib_Lcd.c,29 :: 		
0x00D8	0xDFD2      	RCALL       _Delay_1us
;__Lib_Lcd.c,30 :: 		
0x00DA	0x9683      	BCF         LCD_EN, BitPos(LCD_EN+0) 
;__Lib_Lcd.c,33 :: 		
0x00DC	0xB638      	BTFSC       FARG_Lcd_Cmd_out_char, 3 
0x00DE	0xD002      	BRA         L__Lcd_Cmd31
0x00E0	0x9E83      	BCF         LCD_D7, BitPos(LCD_D7+0) 
0x00E2	0xD001      	BRA         L__Lcd_Cmd32
L__Lcd_Cmd31:
0x00E4	0x8E83      	BSF         LCD_D7, BitPos(LCD_D7+0) 
L__Lcd_Cmd32:
;__Lib_Lcd.c,34 :: 		
0x00E6	0xB438      	BTFSC       FARG_Lcd_Cmd_out_char, 2 
0x00E8	0xD002      	BRA         L__Lcd_Cmd33
0x00EA	0x9C83      	BCF         LCD_D6, BitPos(LCD_D6+0) 
0x00EC	0xD001      	BRA         L__Lcd_Cmd34
L__Lcd_Cmd33:
0x00EE	0x8C83      	BSF         LCD_D6, BitPos(LCD_D6+0) 
L__Lcd_Cmd34:
;__Lib_Lcd.c,35 :: 		
0x00F0	0xB238      	BTFSC       FARG_Lcd_Cmd_out_char, 1 
0x00F2	0xD002      	BRA         L__Lcd_Cmd35
0x00F4	0x9A83      	BCF         LCD_D5, BitPos(LCD_D5+0) 
0x00F6	0xD001      	BRA         L__Lcd_Cmd36
L__Lcd_Cmd35:
0x00F8	0x8A83      	BSF         LCD_D5, BitPos(LCD_D5+0) 
L__Lcd_Cmd36:
;__Lib_Lcd.c,36 :: 		
0x00FA	0xB038      	BTFSC       FARG_Lcd_Cmd_out_char, 0 
0x00FC	0xD002      	BRA         L__Lcd_Cmd37
0x00FE	0x9883      	BCF         LCD_D4, BitPos(LCD_D4+0) 
0x0100	0xD001      	BRA         L__Lcd_Cmd38
L__Lcd_Cmd37:
0x0102	0x8883      	BSF         LCD_D4, BitPos(LCD_D4+0) 
L__Lcd_Cmd38:
;__Lib_Lcd.c,38 :: 		
0x0104	0xB031      	BTFSC       __Lib_Lcd_cmd_status, BitPos(__Lib_Lcd_cmd_status+0) 
0x0106	0xD002      	BRA         L__Lcd_Cmd39
0x0108	0x8483      	BSF         LCD_RS, BitPos(LCD_RS+0) 
0x010A	0xD001      	BRA         L__Lcd_Cmd40
L__Lcd_Cmd39:
0x010C	0x9483      	BCF         LCD_RS, BitPos(LCD_RS+0) 
L__Lcd_Cmd40:
;__Lib_Lcd.c,40 :: 		
0x010E	0x8683      	BSF         LCD_EN, BitPos(LCD_EN+0) 
;__Lib_Lcd.c,41 :: 		
0x0110	0xDFB6      	RCALL       _Delay_1us
;__Lib_Lcd.c,42 :: 		
0x0112	0x9683      	BCF         LCD_EN, BitPos(LCD_EN+0) 
;__Lib_Lcd.c,44 :: 		
0x0114	0xA031      	BTFSS       __Lib_Lcd_cmd_status, BitPos(__Lib_Lcd_cmd_status+0) 
0x0116	0xD002      	BRA         L_Lcd_Cmd0
;__Lib_Lcd.c,45 :: 		
0x0118	0xDFB5      	RCALL       _Delay_5500us
0x011A	0xD001      	BRA         L_Lcd_Cmd1
L_Lcd_Cmd0:
;__Lib_Lcd.c,47 :: 		
0x011C	0xDFBE      	RCALL       _Delay_50us
L_Lcd_Cmd1:
;__Lib_Lcd.c,48 :: 		
L_end_Lcd_Cmd:
0x011E	0x0012      	RETURN      0
; end of _Lcd_Cmd
_Div_16X16_U:
;__Lib_Math.c,102 :: 		
;__Lib_Math.c,109 :: 		
0x0120	0x6A08      	CLRF        R8, 0
;__Lib_Math.c,110 :: 		
0x0122	0x6A09      	CLRF        R9, 0
;__Lib_Math.c,111 :: 		
0x0124	0x0E10      	MOVLW       16
;__Lib_Math.c,112 :: 		
0x0126	0x6E0C      	MOVWF       R12, 0
;__Lib_Math.c,113 :: 		
0x0128	0x3401      	RLCF        R1, 0, 0
;__Lib_Math.c,114 :: 		
0x012A	0x3608      	RLCF        R8, 1, 0
;__Lib_Math.c,115 :: 		
0x012C	0x3609      	RLCF        R9, 1, 0
;__Lib_Math.c,116 :: 		
0x012E	0x5004      	MOVF        R4, 0, 0
;__Lib_Math.c,117 :: 		
0x0130	0x5E08      	SUBWF       R8, 1, 0
;__Lib_Math.c,118 :: 		
0x0132	0x5005      	MOVF        R5, 0, 0
;__Lib_Math.c,119 :: 		
0x0134	0xA0D8      	BTFSS       STATUS, 0, 0
;__Lib_Math.c,120 :: 		
0x0136	0x3C05      	INCFSZ      R5, 0, 0
;__Lib_Math.c,121 :: 		
0x0138	0x5E09      	SUBWF       R9, 1, 0
;__Lib_Math.c,122 :: 		
0x013A	0xB0D8      	BTFSC       STATUS, 0, 0
;__Lib_Math.c,123 :: 		
0x013C	0xD007      	BRA         $+16
;__Lib_Math.c,124 :: 		
0x013E	0x5004      	MOVF        R4, 0, 0
;__Lib_Math.c,125 :: 		
0x0140	0x2608      	ADDWF       R8, 1, 0
;__Lib_Math.c,126 :: 		
0x0142	0x5005      	MOVF        R5, 0, 0
;__Lib_Math.c,127 :: 		
0x0144	0xB0D8      	BTFSC       STATUS, 0, 0
;__Lib_Math.c,128 :: 		
0x0146	0x3C05      	INCFSZ      R5, 0, 0
;__Lib_Math.c,129 :: 		
0x0148	0x2609      	ADDWF       R9, 1, 0
;__Lib_Math.c,130 :: 		
0x014A	0x90D8      	BCF         STATUS, 0, 0
;__Lib_Math.c,131 :: 		
0x014C	0x3600      	RLCF        R0, 1, 0
;__Lib_Math.c,132 :: 		
0x014E	0x3601      	RLCF        R1, 1, 0
;__Lib_Math.c,133 :: 		
0x0150	0x2E0C      	DECFSZ      R12, 1, 0
;__Lib_Math.c,134 :: 		
0x0152	0xD7EA      	BRA         $-42
;__Lib_Math.c,136 :: 		
L_end_Div_16X16_U:
0x0154	0x0012      	RETURN      0
; end of _Div_16X16_U
_Lcd_Chr_CP:
;__Lib_Lcd.c,50 :: 		
;__Lib_Lcd.c,52 :: 		
0x0156	0x9031      	BCF         __Lib_Lcd_cmd_status, BitPos(__Lib_Lcd_cmd_status+0) 
;__Lib_Lcd.c,53 :: 		
0x0158	0xF038C037  	MOVFF       FARG_Lcd_Chr_CP_out_char, FARG_Lcd_Cmd_out_char
0x015C	0xDFA3      	RCALL       _Lcd_Cmd
;__Lib_Lcd.c,54 :: 		
0x015E	0x8031      	BSF         __Lib_Lcd_cmd_status, BitPos(__Lib_Lcd_cmd_status+0) 
;__Lib_Lcd.c,55 :: 		
L_end_Lcd_Chr_CP:
0x0160	0x0012      	RETURN      0
; end of _Lcd_Chr_CP
_WordToStr:
;__Lib_Conversions.c,84 :: 		
;__Lib_Conversions.c,89 :: 		
0x0162	0x6A3D      	CLRF        WordToStr_len_L0 
L_WordToStr6:
0x0164	0x0E05      	MOVLW       5
0x0166	0x5C3D      	SUBWF       WordToStr_len_L0, 0 
0x0168	0xE20A      	BC          L_WordToStr7
;__Lib_Conversions.c,90 :: 		
0x016A	0x503D      	MOVF        WordToStr_len_L0, 0 
0x016C	0x243B      	ADDWF       FARG_WordToStr_output, 0 
0x016E	0x6EE1      	MOVWF       FSR1L 
0x0170	0x0E00      	MOVLW       0
0x0172	0x203C      	ADDWFC      FARG_WordToStr_output+1, 0 
0x0174	0x6EE2      	MOVWF       FSR1H 
0x0176	0x0E20      	MOVLW       32
0x0178	0x6EE6      	MOVWF       POSTINC1 
;__Lib_Conversions.c,89 :: 		
0x017A	0x2A3D      	INCF        WordToStr_len_L0, 1 
;__Lib_Conversions.c,90 :: 		
0x017C	0xD7F3      	BRA         L_WordToStr6
L_WordToStr7:
;__Lib_Conversions.c,91 :: 		
0x017E	0x503D      	MOVF        WordToStr_len_L0, 0 
0x0180	0x243B      	ADDWF       FARG_WordToStr_output, 0 
0x0182	0x6EE1      	MOVWF       FSR1L 
0x0184	0x0E00      	MOVLW       0
0x0186	0x203C      	ADDWFC      FARG_WordToStr_output+1, 0 
0x0188	0x6EE2      	MOVWF       FSR1H 
0x018A	0x6AE6      	CLRF        POSTINC1 
0x018C	0x063D      	DECF        WordToStr_len_L0, 1 
;__Lib_Conversions.c,93 :: 		
L_WordToStr9:
;__Lib_Conversions.c,94 :: 		
0x018E	0x503D      	MOVF        WordToStr_len_L0, 0 
0x0190	0x243B      	ADDWF       FARG_WordToStr_output, 0 
0x0192	0x6E3E      	MOVWF       FLOC__WordToStr 
0x0194	0x0E00      	MOVLW       0
0x0196	0x203C      	ADDWFC      FARG_WordToStr_output+1, 0 
0x0198	0x6E3F      	MOVWF       FLOC__WordToStr+1 
0x019A	0x0E0A      	MOVLW       10
0x019C	0x6E04      	MOVWF       R4 
0x019E	0x0E00      	MOVLW       0
0x01A0	0x6E05      	MOVWF       R5 
0x01A2	0xF000C039  	MOVFF       FARG_WordToStr_input, R0
0x01A6	0xF001C03A  	MOVFF       FARG_WordToStr_input+1, R1
0x01AA	0xDFBA      	RCALL       _Div_16X16_U
0x01AC	0xF000C008  	MOVFF       R8, R0
0x01B0	0xF001C009  	MOVFF       R9, R1
0x01B4	0x0E30      	MOVLW       48
0x01B6	0x2600      	ADDWF       R0, 1 
0x01B8	0xFFE1C03E  	MOVFF       FLOC__WordToStr, FSR1L
0x01BC	0xFFE2C03F  	MOVFF       FLOC__WordToStr+1, FSR1H
0x01C0	0xFFE6C000  	MOVFF       R0, POSTINC1
;__Lib_Conversions.c,95 :: 		
0x01C4	0x0E0A      	MOVLW       10
0x01C6	0x6E04      	MOVWF       R4 
0x01C8	0x0E00      	MOVLW       0
0x01CA	0x6E05      	MOVWF       R5 
0x01CC	0xF000C039  	MOVFF       FARG_WordToStr_input, R0
0x01D0	0xF001C03A  	MOVFF       FARG_WordToStr_input+1, R1
0x01D4	0xDFA5      	RCALL       _Div_16X16_U
0x01D6	0xF039C000  	MOVFF       R0, FARG_WordToStr_input
0x01DA	0xF03AC001  	MOVFF       R1, FARG_WordToStr_input+1
;__Lib_Conversions.c,96 :: 		
0x01DE	0x0E00      	MOVLW       0
0x01E0	0x1801      	XORWF       R1, 0 
0x01E2	0xE102      	BNZ         L__WordToStr109
0x01E4	0x0E00      	MOVLW       0
0x01E6	0x1800      	XORWF       R0, 0 
L__WordToStr109:
0x01E8	0xE101      	BNZ         L_WordToStr11
;__Lib_Conversions.c,97 :: 		
0x01EA	0xD002      	BRA         L_WordToStr10
L_WordToStr11:
;__Lib_Conversions.c,98 :: 		
0x01EC	0x063D      	DECF        WordToStr_len_L0, 1 
;__Lib_Conversions.c,99 :: 		
0x01EE	0xD7CF      	BRA         L_WordToStr9
L_WordToStr10:
;__Lib_Conversions.c,100 :: 		
L_end_WordToStr:
0x01F0	0x0012      	RETURN      0
; end of _WordToStr
___CC2DW:
;__Lib_System.c,21 :: 		
;__Lib_System.c,23 :: 		
_CC2DL_Loop1:
;__Lib_System.c,24 :: 		
0x01F2	0x0009      	TBLRD*+
;__Lib_System.c,25 :: 		
0x01F4	0xFFE6CFF5  	MOVFF       TABLAT, POSTINC1
;__Lib_System.c,26 :: 		
0x01F8	0x0600      	DECF        R0, 1, 0
;__Lib_System.c,27 :: 		
0x01FA	0xE1FB      	BNZ         _CC2DL_Loop1
;__Lib_System.c,28 :: 		
0x01FC	0x0601      	DECF        R1, 1, 0
;__Lib_System.c,29 :: 		
0x01FE	0xE1F9      	BNZ         _CC2DL_Loop1
;__Lib_System.c,31 :: 		
L_end___CC2DW:
0x0200	0x0012      	RETURN      0
; end of ___CC2DW
_Lcd_Out:
;__Lib_Lcd.c,184 :: 		
;__Lib_Lcd.c,187 :: 		
0x0202	0xD00F      	BRA         L_Lcd_Out11
;__Lib_Lcd.c,188 :: 		
L_Lcd_Out13:
0x0204	0x0E80      	MOVLW       128
0x0206	0x6E32      	MOVWF       FARG_Lcd_Out_row 
0x0208	0xD019      	BRA         L_Lcd_Out12
;__Lib_Lcd.c,189 :: 		
L_Lcd_Out14:
0x020A	0x0EC0      	MOVLW       192
0x020C	0x6E32      	MOVWF       FARG_Lcd_Out_row 
0x020E	0xD016      	BRA         L_Lcd_Out12
;__Lib_Lcd.c,190 :: 		
L_Lcd_Out15:
0x0210	0x0E94      	MOVLW       148
0x0212	0x6E32      	MOVWF       FARG_Lcd_Out_row 
0x0214	0xD013      	BRA         L_Lcd_Out12
;__Lib_Lcd.c,191 :: 		
L_Lcd_Out16:
0x0216	0x0ED4      	MOVLW       212
0x0218	0x6E32      	MOVWF       FARG_Lcd_Out_row 
0x021A	0xD010      	BRA         L_Lcd_Out12
;__Lib_Lcd.c,192 :: 		
L_Lcd_Out17:
0x021C	0x0E80      	MOVLW       128
0x021E	0x6E32      	MOVWF       FARG_Lcd_Out_row 
;__Lib_Lcd.c,193 :: 		
0x0220	0xD00D      	BRA         L_Lcd_Out12
L_Lcd_Out11:
0x0222	0x5032      	MOVF        FARG_Lcd_Out_row, 0 
0x0224	0x0A01      	XORLW       1
0x0226	0xE0EE      	BZ          L_Lcd_Out13
0x0228	0x5032      	MOVF        FARG_Lcd_Out_row, 0 
0x022A	0x0A02      	XORLW       2
0x022C	0xE0EE      	BZ          L_Lcd_Out14
0x022E	0x5032      	MOVF        FARG_Lcd_Out_row, 0 
0x0230	0x0A03      	XORLW       3
0x0232	0xE0EE      	BZ          L_Lcd_Out15
0x0234	0x5032      	MOVF        FARG_Lcd_Out_row, 0 
0x0236	0x0A04      	XORLW       4
0x0238	0xE0EE      	BZ          L_Lcd_Out16
0x023A	0xD7F0      	BRA         L_Lcd_Out17
L_Lcd_Out12:
;__Lib_Lcd.c,194 :: 		
0x023C	0x0433      	DECF        FARG_Lcd_Out_column, 0 
0x023E	0x6E00      	MOVWF       R0 
0x0240	0x5032      	MOVF        FARG_Lcd_Out_row, 0 
0x0242	0x2600      	ADDWF       R0, 1 
0x0244	0xF032C000  	MOVFF       R0, FARG_Lcd_Out_row
;__Lib_Lcd.c,196 :: 		
0x0248	0xF038C000  	MOVFF       R0, FARG_Lcd_Cmd_out_char
0x024C	0xDF2B      	RCALL       _Lcd_Cmd
;__Lib_Lcd.c,197 :: 		
0x024E	0x9031      	BCF         __Lib_Lcd_cmd_status, BitPos(__Lib_Lcd_cmd_status+0) 
;__Lib_Lcd.c,198 :: 		
0x0250	0x6A36      	CLRF        Lcd_Out_i_L0 
;__Lib_Lcd.c,199 :: 		
L_Lcd_Out18:
0x0252	0x5036      	MOVF        Lcd_Out_i_L0, 0 
0x0254	0x2434      	ADDWF       FARG_Lcd_Out_text, 0 
0x0256	0x6EE9      	MOVWF       FSR0L 
0x0258	0x0E00      	MOVLW       0
0x025A	0x2035      	ADDWFC      FARG_Lcd_Out_text+1, 0 
0x025C	0x6EEA      	MOVWF       FSR0H 
0x025E	0x52EE      	MOVF        POSTINC0, 1 
0x0260	0xE00B      	BZ          L_Lcd_Out19
;__Lib_Lcd.c,200 :: 		
0x0262	0x5036      	MOVF        Lcd_Out_i_L0, 0 
0x0264	0x2434      	ADDWF       FARG_Lcd_Out_text, 0 
0x0266	0x6EE9      	MOVWF       FSR0L 
0x0268	0x0E00      	MOVLW       0
0x026A	0x2035      	ADDWFC      FARG_Lcd_Out_text+1, 0 
0x026C	0x6EEA      	MOVWF       FSR0H 
0x026E	0xF037CFEE  	MOVFF       POSTINC0, FARG_Lcd_Chr_CP_out_char
0x0272	0xDF71      	RCALL       _Lcd_Chr_CP
0x0274	0x2A36      	INCF        Lcd_Out_i_L0, 1 
0x0276	0xD7ED      	BRA         L_Lcd_Out18
L_Lcd_Out19:
;__Lib_Lcd.c,201 :: 		
0x0278	0x8031      	BSF         __Lib_Lcd_cmd_status, BitPos(__Lib_Lcd_cmd_status+0) 
;__Lib_Lcd.c,202 :: 		
L_end_Lcd_Out:
0x027A	0x0012      	RETURN      0
; end of _Lcd_Out
_Lcd_Init:
;__Lib_Lcd.c,84 :: 		
;__Lib_Lcd.c,86 :: 		
0x027C	0x9695      	BCF         LCD_EN_Direction, BitPos(LCD_EN_Direction+0) 
;__Lib_Lcd.c,87 :: 		
0x027E	0x9495      	BCF         LCD_RS_Direction, BitPos(LCD_RS_Direction+0) 
;__Lib_Lcd.c,88 :: 		
0x0280	0x9895      	BCF         LCD_D4_Direction, BitPos(LCD_D4_Direction+0) 
;__Lib_Lcd.c,89 :: 		
0x0282	0x9A95      	BCF         LCD_D5_Direction, BitPos(LCD_D5_Direction+0) 
;__Lib_Lcd.c,90 :: 		
0x0284	0x9C95      	BCF         LCD_D6_Direction, BitPos(LCD_D6_Direction+0) 
;__Lib_Lcd.c,91 :: 		
0x0286	0x9E95      	BCF         LCD_D7_Direction, BitPos(LCD_D7_Direction+0) 
;__Lib_Lcd.c,93 :: 		
0x0288	0x9683      	BCF         LCD_EN, BitPos(LCD_EN+0) 
;__Lib_Lcd.c,94 :: 		
0x028A	0x9483      	BCF         LCD_RS, BitPos(LCD_RS+0) 
;__Lib_Lcd.c,95 :: 		
0x028C	0x9E83      	BCF         LCD_D7, BitPos(LCD_D7+0) 
;__Lib_Lcd.c,96 :: 		
0x028E	0x9C83      	BCF         LCD_D6, BitPos(LCD_D6+0) 
;__Lib_Lcd.c,97 :: 		
0x0290	0x9A83      	BCF         LCD_D5, BitPos(LCD_D5+0) 
;__Lib_Lcd.c,98 :: 		
0x0292	0x9883      	BCF         LCD_D4, BitPos(LCD_D4+0) 
;__Lib_Lcd.c,100 :: 		
0x0294	0xDEF7      	RCALL       _Delay_5500us
;__Lib_Lcd.c,101 :: 		
0x0296	0xDEF6      	RCALL       _Delay_5500us
;__Lib_Lcd.c,102 :: 		
0x0298	0xDEF5      	RCALL       _Delay_5500us
;__Lib_Lcd.c,105 :: 		
0x029A	0x8A83      	BSF         LCD_D5, BitPos(LCD_D5+0) 
;__Lib_Lcd.c,106 :: 		
0x029C	0x8883      	BSF         LCD_D4, BitPos(LCD_D4+0) 
;__Lib_Lcd.c,107 :: 		
0x029E	0x8683      	BSF         LCD_EN, BitPos(LCD_EN+0) 
;__Lib_Lcd.c,108 :: 		
0x02A0	0xDEEE      	RCALL       _Delay_1us
;__Lib_Lcd.c,109 :: 		
0x02A2	0x9683      	BCF         LCD_EN, BitPos(LCD_EN+0) 
;__Lib_Lcd.c,110 :: 		
0x02A4	0xDEEF      	RCALL       _Delay_5500us
;__Lib_Lcd.c,112 :: 		
0x02A6	0x8683      	BSF         LCD_EN, BitPos(LCD_EN+0) 
;__Lib_Lcd.c,113 :: 		
0x02A8	0xDEEA      	RCALL       _Delay_1us
;__Lib_Lcd.c,114 :: 		
0x02AA	0x9683      	BCF         LCD_EN, BitPos(LCD_EN+0) 
;__Lib_Lcd.c,115 :: 		
0x02AC	0xDEEB      	RCALL       _Delay_5500us
;__Lib_Lcd.c,117 :: 		
0x02AE	0x8683      	BSF         LCD_EN, BitPos(LCD_EN+0) 
;__Lib_Lcd.c,118 :: 		
0x02B0	0xDEE6      	RCALL       _Delay_1us
;__Lib_Lcd.c,119 :: 		
0x02B2	0x9683      	BCF         LCD_EN, BitPos(LCD_EN+0) 
;__Lib_Lcd.c,120 :: 		
0x02B4	0xDEE7      	RCALL       _Delay_5500us
;__Lib_Lcd.c,123 :: 		
0x02B6	0x9883      	BCF         LCD_D4, BitPos(LCD_D4+0) 
;__Lib_Lcd.c,124 :: 		
0x02B8	0x8683      	BSF         LCD_EN, BitPos(LCD_EN+0) 
;__Lib_Lcd.c,125 :: 		
0x02BA	0xDEE1      	RCALL       _Delay_1us
;__Lib_Lcd.c,126 :: 		
0x02BC	0x9683      	BCF         LCD_EN, BitPos(LCD_EN+0) 
;__Lib_Lcd.c,127 :: 		
0x02BE	0xDEE2      	RCALL       _Delay_5500us
;__Lib_Lcd.c,130 :: 		
0x02C0	0x8683      	BSF         LCD_EN, BitPos(LCD_EN+0) 
;__Lib_Lcd.c,131 :: 		
0x02C2	0xDEDD      	RCALL       _Delay_1us
;__Lib_Lcd.c,132 :: 		
0x02C4	0x9683      	BCF         LCD_EN, BitPos(LCD_EN+0) 
;__Lib_Lcd.c,134 :: 		
0x02C6	0x9A83      	BCF         LCD_D5, BitPos(LCD_D5+0) 
;__Lib_Lcd.c,135 :: 		
0x02C8	0x8E83      	BSF         LCD_D7, BitPos(LCD_D7+0) 
;__Lib_Lcd.c,136 :: 		
0x02CA	0x8683      	BSF         LCD_EN, BitPos(LCD_EN+0) 
;__Lib_Lcd.c,137 :: 		
0x02CC	0xDED8      	RCALL       _Delay_1us
;__Lib_Lcd.c,138 :: 		
0x02CE	0x9683      	BCF         LCD_EN, BitPos(LCD_EN+0) 
;__Lib_Lcd.c,139 :: 		
0x02D0	0xDED9      	RCALL       _Delay_5500us
;__Lib_Lcd.c,142 :: 		
0x02D2	0x9E83      	BCF         LCD_D7, BitPos(LCD_D7+0) 
;__Lib_Lcd.c,143 :: 		
0x02D4	0x8883      	BSF         LCD_D4, BitPos(LCD_D4+0) 
;__Lib_Lcd.c,144 :: 		
0x02D6	0x8683      	BSF         LCD_EN, BitPos(LCD_EN+0) 
;__Lib_Lcd.c,145 :: 		
0x02D8	0xDED2      	RCALL       _Delay_1us
;__Lib_Lcd.c,146 :: 		
0x02DA	0x9683      	BCF         LCD_EN, BitPos(LCD_EN+0) 
;__Lib_Lcd.c,148 :: 		
0x02DC	0x9883      	BCF         LCD_D4, BitPos(LCD_D4+0) 
;__Lib_Lcd.c,149 :: 		
0x02DE	0x8683      	BSF         LCD_EN, BitPos(LCD_EN+0) 
;__Lib_Lcd.c,150 :: 		
0x02E0	0xDECE      	RCALL       _Delay_1us
;__Lib_Lcd.c,151 :: 		
0x02E2	0x9683      	BCF         LCD_EN, BitPos(LCD_EN+0) 
;__Lib_Lcd.c,152 :: 		
0x02E4	0xDECF      	RCALL       _Delay_5500us
;__Lib_Lcd.c,155 :: 		
0x02E6	0x8683      	BSF         LCD_EN, BitPos(LCD_EN+0) 
;__Lib_Lcd.c,156 :: 		
0x02E8	0xDECA      	RCALL       _Delay_1us
;__Lib_Lcd.c,157 :: 		
0x02EA	0x9683      	BCF         LCD_EN, BitPos(LCD_EN+0) 
;__Lib_Lcd.c,159 :: 		
0x02EC	0x8883      	BSF         LCD_D4, BitPos(LCD_D4+0) 
;__Lib_Lcd.c,160 :: 		
0x02EE	0x8683      	BSF         LCD_EN, BitPos(LCD_EN+0) 
;__Lib_Lcd.c,161 :: 		
0x02F0	0xDEC6      	RCALL       _Delay_1us
;__Lib_Lcd.c,162 :: 		
0x02F2	0x9683      	BCF         LCD_EN, BitPos(LCD_EN+0) 
;__Lib_Lcd.c,163 :: 		
0x02F4	0xDEC7      	RCALL       _Delay_5500us
;__Lib_Lcd.c,166 :: 		
0x02F6	0x9883      	BCF         LCD_D4, BitPos(LCD_D4+0) 
;__Lib_Lcd.c,167 :: 		
0x02F8	0x8683      	BSF         LCD_EN, BitPos(LCD_EN+0) 
;__Lib_Lcd.c,168 :: 		
0x02FA	0xDEC1      	RCALL       _Delay_1us
;__Lib_Lcd.c,169 :: 		
0x02FC	0x9683      	BCF         LCD_EN, BitPos(LCD_EN+0) 
;__Lib_Lcd.c,171 :: 		
0x02FE	0x8E83      	BSF         LCD_D7, BitPos(LCD_D7+0) 
;__Lib_Lcd.c,172 :: 		
0x0300	0x8C83      	BSF         LCD_D6, BitPos(LCD_D6+0) 
;__Lib_Lcd.c,173 :: 		
0x0302	0x8A83      	BSF         LCD_D5, BitPos(LCD_D5+0) 
;__Lib_Lcd.c,174 :: 		
0x0304	0x8883      	BSF         LCD_D4, BitPos(LCD_D4+0) 
;__Lib_Lcd.c,175 :: 		
0x0306	0x8683      	BSF         LCD_EN, BitPos(LCD_EN+0) 
;__Lib_Lcd.c,176 :: 		
0x0308	0xDEBA      	RCALL       _Delay_1us
;__Lib_Lcd.c,177 :: 		
0x030A	0x9683      	BCF         LCD_EN, BitPos(LCD_EN+0) 
;__Lib_Lcd.c,179 :: 		
0x030C	0xDEBB      	RCALL       _Delay_5500us
;__Lib_Lcd.c,181 :: 		
0x030E	0x8031      	BSF         __Lib_Lcd_cmd_status, BitPos(__Lib_Lcd_cmd_status+0) 
;__Lib_Lcd.c,182 :: 		
L_end_Lcd_Init:
0x0310	0x0012      	RETURN      0
; end of _Lcd_Init
_main:
0x0312	0x6A18      	CLRF        _result 
0x0314	0x6A19      	CLRF        25 
0x0316	0x6A1A      	CLRF        26 
0x0318	0x6A1B      	CLRF        27 
0x031A	0x6A1C      	CLRF        _aux 
0x031C	0x6A1D      	CLRF        29 
0x031E	0x0E48      	MOVLW       72
0x0320	0x6E1E      	MOVWF       ?lstr1_Practica7b 
0x0322	0x0E6F      	MOVLW       111
0x0324	0x6E1F      	MOVWF       31 
0x0326	0x0E6C      	MOVLW       108
0x0328	0x6E20      	MOVWF       32 
0x032A	0x0E61      	MOVLW       97
0x032C	0x6E21      	MOVWF       33 
0x032E	0x6A22      	CLRF        34 
;Practica7b.c,50 :: 		void main() {
;Practica7b.c,52 :: 		TRISE=0xFF;
0x0330	0x0EFF      	MOVLW       255
0x0332	0x6E96      	MOVWF       TRISE 
;Practica7b.c,54 :: 		PIR1.ADIF = 0;
0x0334	0x9C9E      	BCF         PIR1, 6 
;Practica7b.c,55 :: 		PIE1.ADIE = 1;
0x0336	0x8C9D      	BSF         PIE1, 6 
;Practica7b.c,59 :: 		RCON.IPEN = 0;     // se deshabilitan las interrupciones con prioridad
0x0338	0x9ED0      	BCF         RCON, 7 
;Practica7b.c,60 :: 		INTCON.TMR0IF = 0; // se pone el flag a 0
0x033A	0x94F2      	BCF         INTCON, 2 
;Practica7b.c,61 :: 		INTCON.TMR0IE = 1; // se habilita la interrupción del Timer 0
0x033C	0x8AF2      	BSF         INTCON, 5 
;Practica7b.c,63 :: 		INTCON.PEIE = 1;
0x033E	0x8CF2      	BSF         INTCON, 6 
;Practica7b.c,66 :: 		ADCON1=0xC0;
0x0340	0x0EC0      	MOVLW       192
0x0342	0x6EC1      	MOVWF       ADCON1 
;Practica7b.c,67 :: 		ADCON0=0x71;
0x0344	0x0E71      	MOVLW       113
0x0346	0x6EC2      	MOVWF       ADCON0 
;Practica7b.c,68 :: 		Lcd_Init();
0x0348	0xDF99      	RCALL       _Lcd_Init
;Practica7b.c,72 :: 		TMR0H = (3036 >>8);  //1 seg en modo 16 bits
0x034A	0x0E0B      	MOVLW       11
0x034C	0x6ED7      	MOVWF       TMR0H 
;Practica7b.c,73 :: 		TMR0L = 3036;
0x034E	0x0EDC      	MOVLW       220
0x0350	0x6ED6      	MOVWF       TMR0L 
;Practica7b.c,74 :: 		LCD_Out(1,1,"Hola");
0x0352	0x0E01      	MOVLW       1
0x0354	0x6E32      	MOVWF       FARG_Lcd_Out_row 
0x0356	0x0E01      	MOVLW       1
0x0358	0x6E33      	MOVWF       FARG_Lcd_Out_column 
0x035A	0x0E1E      	MOVLW       ?lstr1_Practica7b
0x035C	0x6E34      	MOVWF       FARG_Lcd_Out_text 
0x035E	0x0E00      	MOVLW       hi_addr(?lstr1_Practica7b)
0x0360	0x6E35      	MOVWF       FARG_Lcd_Out_text+1 
0x0362	0xDF4F      	RCALL       _Lcd_Out
;Practica7b.c,75 :: 		while(1)
L_main2:
;Practica7b.c,76 :: 		{}
0x0364	0xD7FF      	BRA         L_main2
;Practica7b.c,77 :: 		}
L_end_main:
0x0366	0xD7FF      	BRA         $+0
; end of _main
Symbol List:
//** Routines locations **
//ADDRESS    SIZE    PROCEDURE
//----------------------------------------------
0x0008     [118]    _interrupt
0x007E       [6]    _Delay_1us
0x0084      [22]    _Delay_5500us
0x009A      [10]    _Delay_50us
0x00A4     [124]    _Lcd_Cmd
0x0120      [54]    _Div_16X16_U
0x0156      [12]    _Lcd_Chr_CP
0x0162     [144]    _WordToStr
0x01F2      [16]    ___CC2DW
0x0202     [122]    _Lcd_Out
0x027C     [150]    _Lcd_Init
0x0312      [86]    _main
//** Variables locations ** 
//ADDRESS    SIZE    VARIABLE
//----------------------------------------------
0x0000       [1]    SPI1_Write_tmp_L0
0x0000       [1]    __Lib_SoftI2C_PutZerosToLATScl_temp_scl_L0
0x0000       [1]    R0
0x0000       [1]    EEPROM_Write_SaveINTCON_L0
0x0000       [1]    __Lib_SoftI2C_PutZerosToLATSda_temp_sda_L0
0x0000       [1]    FLASH_Erase_64_SaveINTCON_L0
0x0000       [1]    UART1_Init_tmp_L0
0x0001       [1]    FLASH_Erase_Write_64_i_L0
0x0001       [1]    __Lib_TFT_16bit_JPEG_FileRead_i_L0
0x0001       [1]    __Lib_TFT_16bit_JPEG_FileReadBytes_Result_L0
0x0001       [2]    FLASH_Read_N_Bytes_i_L0
0x0001       [1]    R1
0x0001       [1]    UART1_Read___tmp_UART1_Read_L0
0x0001       [1]    ispunct_rslt_L0
0x0001       [1]    I2C1_Rd_tmp_L0
0x0001       [1]    __Lib_TFT_JPEG_FileRead_i_L0
0x0001       [1]    __Lib_TFT_JPEG_FileReadBytes_Result_L0
0x0001       [1]    __Lib_PS2_Wait_Falling_nsample_L0
0x0001       [1]    FLASH_Write_8_i_L0
0x0002       [2]    memchr_s_L0
0x0002       [2]    strlen_cp_L0
0x0002       [1]    FLASH_Erase_Write_64_j_L0
0x0002       [1]    FLASH_Write_8_SaveINTCON_L0
0x0002       [1]    R2
0x0002       [2]    memcpy_dd_L0
0x0002       [2]    memset_pp_L0
0x0003       [1]    MM_Init_i_L0
0x0003       [2]    memmove_tt_L0
0x0003       [2]    Ltrim_original_L0
0x0003       [2]    MM_TotalFreeMemSize_Tot_L0
0x0003       [1]    FLASH_Erase_Write_64_SaveINTCON_L0
0x0003       [2]    __Lib_MmcFat16_f16_toInt_l_L0
0x0003       [1]    R3
0x0003       [1]    __Lib_Sprinti_?FLOC____Lib_Sprinti_Do_FillT29
0x0004       [2]    memcpy_ss_L0
0x0004       [2]    __Lib_MemManager_MM_GetMemAlign_P_L0
0x0004       [2]    frexp_pom_L0
0x0004       [2]    strncpy_cp_L0
0x0004       [2]    strcpy_cp_L0
0x0004       [2]    strncat_cp_L0
0x0004       [2]    strcat_cp_L0
0x0004       [1]    R4
0x0004       [1]    __Lib_Sprinti_?FLOC____Lib_Sprinti_Do_FillT40
0x0005       [1]    MM_TotalFreeMemSize_i_L0
0x0005       [2]    Ltrim_p_L0
0x0005       [2]    LongWordToHex_input_half_L0
0x0005       [2]    memmove_ff_L0
0x0005       [1]    __Lib_Sprinti_?FLOC____Lib_Sprinti_Do_FillT54
0x0005       [2]    LongIntToHex_input_half_L0
0x0005       [1]    R5
0x0006       [1]    __Lib_Sprinti_?FLOC____Lib_Sprinti_Do_FillT69
0x0006       [1]    __Lib_MemManager_MM_GetMemAlign_i_L0
0x0006       [1]    R6
0x0007       [1]    __Lib_TFT_JPEG_GenerateHuffmanTables_bLength_L0
0x0007       [1]    R7
0x0007       [1]    __Lib_TFT_16bit_JPEG_GenerateHuffmanTables_bLength_L0
0x0008       [1]    __Lib_TFT_JPEG_GenerateHuffmanTables_bTable_L0
0x0008       [1]    __Lib_TFT_16bit_JPEG_GenerateHuffmanTables_bTable_L0
0x0008       [1]    R8
0x0009       [4]    __Lib_MmcFat16_f16_toLong_l_L0
0x0009       [1]    R9
0x000A       [1]    R10
0x000B       [1]    R11
0x000C       [1]    R12
0x000D       [1]    R13
0x000E       [1]    R14
0x000F       [1]    R15
0x0010       [1]    R16
0x0011       [1]    R17
0x0012       [1]    R18
0x0013       [1]    R19
0x0014       [1]    R20
0x0018       [4]    _result
0x001C       [2]    _aux
0x001E       [5]    ?lstr1_Practica7b
0x0023      [14]    _txt
0x0031       [0]    __Lib_Lcd_cmd_status
0x0032       [1]    FARG_Lcd_Out_row
0x0033       [1]    FARG_Lcd_Out_column
0x0034       [2]    FARG_Lcd_Out_text
0x0036       [1]    Lcd_Out_i_L0
0x0037       [1]    FARG_Lcd_Chr_CP_out_char
0x0038       [1]    FARG_Lcd_Cmd_out_char
0x0039       [2]    FARG_WordToStr_input
0x003B       [2]    FARG_WordToStr_output
0x003D       [1]    WordToStr_len_L0
0x003E       [2]    FLOC__WordToStr
0x0F83       [0]    RD2_bit
0x0F83       [0]    RD3_bit
0x0F83       [0]    RD6_bit
0x0F83       [0]    LCD_EN
0x0F83       [0]    LCD_D7
0x0F83       [0]    RD5_bit
0x0F83       [0]    LCD_RS
0x0F83       [0]    RD7_bit
0x0F83       [0]    LCD_D4
0x0F83       [0]    LCD_D5
0x0F83       [0]    LCD_D6
0x0F83       [0]    RD4_bit
0x0F95       [0]    TRISD5_bit
0x0F95       [0]    TRISD6_bit
0x0F95       [0]    TRISD4_bit
0x0F95       [0]    TRISD7_bit
0x0F95       [0]    LCD_D6_Direction
0x0F95       [0]    LCD_D7_Direction
0x0F95       [0]    LCD_EN_Direction
0x0F95       [0]    LCD_D4_Direction
0x0F95       [0]    LCD_D5_Direction
0x0F95       [0]    LCD_RS_Direction
0x0F95       [0]    TRISD2_bit
0x0F95       [0]    TRISD3_bit
0x0F96       [1]    TRISE
0x0F9D       [1]    PIE1
0x0F9E       [1]    PIR1
0x0FC1       [1]    ADCON1
0x0FC2       [1]    ADCON0
0x0FC3       [1]    ADRESL
0x0FC4       [1]    ADRESH
0x0FD0       [1]    RCON
0x0FD5       [1]    T0CON
0x0FD6       [1]    TMR0L
0x0FD7       [1]    TMR0H
0x0FD8       [1]    STATUS
0x0FD9       [1]    FSR2L
0x0FDA       [1]    FSR2H
0x0FDE       [1]    POSTINC2
0x0FE0       [1]    BSR
0x0FE1       [1]    FSR1L
0x0FE2       [1]    FSR1H
0x0FE4       [1]    PREINC1
0x0FE6       [1]    POSTINC1
0x0FE7       [1]    INDF1
0x0FE8       [1]    WREG
0x0FE9       [1]    FSR0L
0x0FEA       [1]    FSR0H
0x0FEE       [1]    POSTINC0
0x0FF2       [1]    INTCON
0x0FF3       [1]    PRODL
0x0FF4       [1]    PRODH
0x0FF5       [1]    TABLAT
0x0FF6       [1]    TBLPTRL
0x0FF7       [1]    TBLPTRH
0x0FF8       [1]    TBLPTRU
