;  LST file generated by mikroListExporter - v.2.0 
; Date/Time: 25/02/2016 10:37:29
;----------------------------------------------

;Address Opcode 	ASM
0x0000	0xF001EF7C  	GOTO        760
_interrupt:
;Practica5.c,23 :: 		void interrupt() {
0x0008	0xF018C000  	MOVFF       R0, 24
0x000C	0xF017C001  	MOVFF       R1, 23
0x0010	0xF016C00C  	MOVFF       R12, 22
0x0014	0xF015C00D  	MOVFF       R13, 21
;Practica5.c,25 :: 		Lcd_out(1,1,"Your Turn:");
0x0018	0x0E01      	MOVLW       1
0x001A	0x6E2A      	MOVWF       FARG_Lcd_Out_row 
0x001C	0x0E01      	MOVLW       1
0x001E	0x6E2B      	MOVWF       FARG_Lcd_Out_column 
0x0020	0x0E1A      	MOVLW       ?lstr1_Practica5
0x0022	0x6E2C      	MOVWF       FARG_Lcd_Out_text 
0x0024	0x0E00      	MOVLW       hi_addr(?lstr1_Practica5)
0x0026	0x6E2D      	MOVWF       FARG_Lcd_Out_text+1 
0x0028	0xD92A      	RCALL       _Lcd_Out
;Practica5.c,27 :: 		ByteToStr(contador,txt);
0x002A	0xF02AC019  	MOVFF       _contador, FARG_ByteToStr_input
0x002E	0x0E25      	MOVLW       _txt
0x0030	0x6E2B      	MOVWF       FARG_ByteToStr_output 
0x0032	0x0E00      	MOVLW       hi_addr(_txt)
0x0034	0x6E2C      	MOVWF       FARG_ByteToStr_output+1 
0x0036	0xD882      	RCALL       _ByteToStr
;Practica5.c,28 :: 		Lcd_out_CP(txt);
0x0038	0x0E25      	MOVLW       _txt
0x003A	0x6E2A      	MOVWF       FARG_Lcd_Out_CP_text 
0x003C	0x0E00      	MOVLW       hi_addr(_txt)
0x003E	0x6E2B      	MOVWF       FARG_Lcd_Out_CP_text+1 
0x0040	0xD909      	RCALL       _Lcd_Out_CP
;Practica5.c,30 :: 		if(contador<99)
0x0042	0x0E63      	MOVLW       99
0x0044	0x5C19      	SUBWF       _contador, 0 
0x0046	0xE202      	BC          L_interrupt11
;Practica5.c,31 :: 		contador++;
0x0048	0x2A19      	INCF        _contador, 1 
0x004A	0xD001      	BRA         L_interrupt12
L_interrupt11:
;Practica5.c,33 :: 		contador=0;
0x004C	0x6A19      	CLRF        _contador 
L_interrupt12:
;Practica5.c,35 :: 		PORTD.B0=1;
0x004E	0x8083      	BSF         PORTD, 0 
;Practica5.c,37 :: 		while(PORTB.B4==0);
L_interrupt13:
0x0050	0xB881      	BTFSC       PORTB, 4 
0x0052	0xD001      	BRA         L_interrupt14
0x0054	0xD7FD      	BRA         L_interrupt13
L_interrupt14:
;Practica5.c,38 :: 		PORTD.B0=0;
0x0056	0x9083      	BCF         PORTD, 0 
;Practica5.c,40 :: 		x=PORTB; //hay que leer el puerto B para poder borrar el bit RBIF (define x global)
0x0058	0xF028CF81  	MOVFF       PORTB, _x
;Practica5.c,41 :: 		INTCON.RBIF=0;//Al borrar el bit RBIF despues de llamar a la funcion tecla, nos
0x005C	0x90F2      	BCF         INTCON, 0 
;Practica5.c,42 :: 		}           //aseguramos que después de soltar la tecla éste bit se pone a 0.
L_end_interrupt:
L__interrupt19:
0x005E	0xF000C018  	MOVFF       24, R0
0x0062	0xF001C017  	MOVFF       23, R1
0x0066	0xF00CC016  	MOVFF       22, R12
0x006A	0xF00DC015  	MOVFF       21, R13
0x006E	0x0011      	RETFIE      1
; end of _interrupt
_Delay_5500us:
;__Lib_Delays.c,31 :: 		void Delay_5500us() {
;__Lib_Delays.c,32 :: 		Delay_us(5500);
0x0070	0x0E0F      	MOVLW       15
0x0072	0x6E0C      	MOVWF       R12, 0
0x0074	0x0E47      	MOVLW       71
0x0076	0x6E0D      	MOVWF       R13, 0
L_Delay_5500us5:
0x0078	0x2E0D      	DECFSZ      R13, 1, 0
0x007A	0xD7FE      	BRA         L_Delay_5500us5
0x007C	0x2E0C      	DECFSZ      R12, 1, 0
0x007E	0xD7FC      	BRA         L_Delay_5500us5
0x0080	0x0000      	NOP
0x0082	0x0000      	NOP
;__Lib_Delays.c,33 :: 		}
L_end_Delay_5500us:
0x0084	0x0012      	RETURN      0
; end of _Delay_5500us
_Delay_1us:
;__Lib_Delays.c,7 :: 		void Delay_1us() {
;__Lib_Delays.c,8 :: 		Delay_us(1);
0x0086	0x0000      	NOP
0x0088	0x0000      	NOP
;__Lib_Delays.c,9 :: 		}
L_end_Delay_1us:
0x008A	0x0012      	RETURN      0
; end of _Delay_1us
_Delay_50us:
;__Lib_Delays.c,19 :: 		void Delay_50us() {
;__Lib_Delays.c,20 :: 		Delay_us(50);
0x008C	0x0E21      	MOVLW       33
0x008E	0x6E0D      	MOVWF       R13, 0
L_Delay_50us2:
0x0090	0x2E0D      	DECFSZ      R13, 1, 0
0x0092	0xD7FE      	BRA         L_Delay_50us2
;__Lib_Delays.c,21 :: 		}
L_end_Delay_50us:
0x0094	0x0012      	RETURN      0
; end of _Delay_50us
_Lcd_Cmd:
;__Lib_Lcd.c,18 :: 		
;__Lib_Lcd.c,20 :: 		
0x0096	0xBE31      	BTFSC       FARG_Lcd_Cmd_out_char, 7 
0x0098	0xD002      	BRA         L__Lcd_Cmd21
0x009A	0x9E83      	BCF         LCD_D7, BitPos(LCD_D7+0) 
0x009C	0xD001      	BRA         L__Lcd_Cmd22
L__Lcd_Cmd21:
0x009E	0x8E83      	BSF         LCD_D7, BitPos(LCD_D7+0) 
L__Lcd_Cmd22:
;__Lib_Lcd.c,21 :: 		
0x00A0	0xBC31      	BTFSC       FARG_Lcd_Cmd_out_char, 6 
0x00A2	0xD002      	BRA         L__Lcd_Cmd23
0x00A4	0x9C83      	BCF         LCD_D6, BitPos(LCD_D6+0) 
0x00A6	0xD001      	BRA         L__Lcd_Cmd24
L__Lcd_Cmd23:
0x00A8	0x8C83      	BSF         LCD_D6, BitPos(LCD_D6+0) 
L__Lcd_Cmd24:
;__Lib_Lcd.c,22 :: 		
0x00AA	0xBA31      	BTFSC       FARG_Lcd_Cmd_out_char, 5 
0x00AC	0xD002      	BRA         L__Lcd_Cmd25
0x00AE	0x9A83      	BCF         LCD_D5, BitPos(LCD_D5+0) 
0x00B0	0xD001      	BRA         L__Lcd_Cmd26
L__Lcd_Cmd25:
0x00B2	0x8A83      	BSF         LCD_D5, BitPos(LCD_D5+0) 
L__Lcd_Cmd26:
;__Lib_Lcd.c,23 :: 		
0x00B4	0xB831      	BTFSC       FARG_Lcd_Cmd_out_char, 4 
0x00B6	0xD002      	BRA         L__Lcd_Cmd27
0x00B8	0x9883      	BCF         LCD_D4, BitPos(LCD_D4+0) 
0x00BA	0xD001      	BRA         L__Lcd_Cmd28
L__Lcd_Cmd27:
0x00BC	0x8883      	BSF         LCD_D4, BitPos(LCD_D4+0) 
L__Lcd_Cmd28:
;__Lib_Lcd.c,25 :: 		
0x00BE	0xB029      	BTFSC       __Lib_Lcd_cmd_status, BitPos(__Lib_Lcd_cmd_status+0) 
0x00C0	0xD002      	BRA         L__Lcd_Cmd29
0x00C2	0x8483      	BSF         LCD_RS, BitPos(LCD_RS+0) 
0x00C4	0xD001      	BRA         L__Lcd_Cmd30
L__Lcd_Cmd29:
0x00C6	0x9483      	BCF         LCD_RS, BitPos(LCD_RS+0) 
L__Lcd_Cmd30:
;__Lib_Lcd.c,28 :: 		
0x00C8	0x8683      	BSF         LCD_EN, BitPos(LCD_EN+0) 
;__Lib_Lcd.c,29 :: 		
0x00CA	0xDFDD      	RCALL       _Delay_1us
;__Lib_Lcd.c,30 :: 		
0x00CC	0x9683      	BCF         LCD_EN, BitPos(LCD_EN+0) 
;__Lib_Lcd.c,33 :: 		
0x00CE	0xB631      	BTFSC       FARG_Lcd_Cmd_out_char, 3 
0x00D0	0xD002      	BRA         L__Lcd_Cmd31
0x00D2	0x9E83      	BCF         LCD_D7, BitPos(LCD_D7+0) 
0x00D4	0xD001      	BRA         L__Lcd_Cmd32
L__Lcd_Cmd31:
0x00D6	0x8E83      	BSF         LCD_D7, BitPos(LCD_D7+0) 
L__Lcd_Cmd32:
;__Lib_Lcd.c,34 :: 		
0x00D8	0xB431      	BTFSC       FARG_Lcd_Cmd_out_char, 2 
0x00DA	0xD002      	BRA         L__Lcd_Cmd33
0x00DC	0x9C83      	BCF         LCD_D6, BitPos(LCD_D6+0) 
0x00DE	0xD001      	BRA         L__Lcd_Cmd34
L__Lcd_Cmd33:
0x00E0	0x8C83      	BSF         LCD_D6, BitPos(LCD_D6+0) 
L__Lcd_Cmd34:
;__Lib_Lcd.c,35 :: 		
0x00E2	0xB231      	BTFSC       FARG_Lcd_Cmd_out_char, 1 
0x00E4	0xD002      	BRA         L__Lcd_Cmd35
0x00E6	0x9A83      	BCF         LCD_D5, BitPos(LCD_D5+0) 
0x00E8	0xD001      	BRA         L__Lcd_Cmd36
L__Lcd_Cmd35:
0x00EA	0x8A83      	BSF         LCD_D5, BitPos(LCD_D5+0) 
L__Lcd_Cmd36:
;__Lib_Lcd.c,36 :: 		
0x00EC	0xB031      	BTFSC       FARG_Lcd_Cmd_out_char, 0 
0x00EE	0xD002      	BRA         L__Lcd_Cmd37
0x00F0	0x9883      	BCF         LCD_D4, BitPos(LCD_D4+0) 
0x00F2	0xD001      	BRA         L__Lcd_Cmd38
L__Lcd_Cmd37:
0x00F4	0x8883      	BSF         LCD_D4, BitPos(LCD_D4+0) 
L__Lcd_Cmd38:
;__Lib_Lcd.c,38 :: 		
0x00F6	0xB029      	BTFSC       __Lib_Lcd_cmd_status, BitPos(__Lib_Lcd_cmd_status+0) 
0x00F8	0xD002      	BRA         L__Lcd_Cmd39
0x00FA	0x8483      	BSF         LCD_RS, BitPos(LCD_RS+0) 
0x00FC	0xD001      	BRA         L__Lcd_Cmd40
L__Lcd_Cmd39:
0x00FE	0x9483      	BCF         LCD_RS, BitPos(LCD_RS+0) 
L__Lcd_Cmd40:
;__Lib_Lcd.c,40 :: 		
0x0100	0x8683      	BSF         LCD_EN, BitPos(LCD_EN+0) 
;__Lib_Lcd.c,41 :: 		
0x0102	0xDFC1      	RCALL       _Delay_1us
;__Lib_Lcd.c,42 :: 		
0x0104	0x9683      	BCF         LCD_EN, BitPos(LCD_EN+0) 
;__Lib_Lcd.c,44 :: 		
0x0106	0xA029      	BTFSS       __Lib_Lcd_cmd_status, BitPos(__Lib_Lcd_cmd_status+0) 
0x0108	0xD002      	BRA         L_Lcd_Cmd0
;__Lib_Lcd.c,45 :: 		
0x010A	0xDFB2      	RCALL       _Delay_5500us
0x010C	0xD001      	BRA         L_Lcd_Cmd1
L_Lcd_Cmd0:
;__Lib_Lcd.c,47 :: 		
0x010E	0xDFBE      	RCALL       _Delay_50us
L_Lcd_Cmd1:
;__Lib_Lcd.c,48 :: 		
L_end_Lcd_Cmd:
0x0110	0x0012      	RETURN      0
; end of _Lcd_Cmd
_Lcd_Chr_CP:
;__Lib_Lcd.c,50 :: 		
;__Lib_Lcd.c,52 :: 		
0x0112	0x9029      	BCF         __Lib_Lcd_cmd_status, BitPos(__Lib_Lcd_cmd_status+0) 
;__Lib_Lcd.c,53 :: 		
0x0114	0xF031C030  	MOVFF       FARG_Lcd_Chr_CP_out_char, FARG_Lcd_Cmd_out_char
0x0118	0xDFBE      	RCALL       _Lcd_Cmd
;__Lib_Lcd.c,54 :: 		
0x011A	0x8029      	BSF         __Lib_Lcd_cmd_status, BitPos(__Lib_Lcd_cmd_status+0) 
;__Lib_Lcd.c,55 :: 		
L_end_Lcd_Chr_CP:
0x011C	0x0012      	RETURN      0
; end of _Lcd_Chr_CP
_Div_8X8_U:
;__Lib_Math.c,77 :: 		
;__Lib_Math.c,84 :: 		
0x011E	0x6A08      	CLRF        R8, 0
;__Lib_Math.c,85 :: 		
0x0120	0x0E08      	MOVLW       8
;__Lib_Math.c,86 :: 		
0x0122	0x6E0C      	MOVWF       R12, 0
;__Lib_Math.c,87 :: 		
0x0124	0x3400      	RLCF        R0, 0, 0
;__Lib_Math.c,88 :: 		
0x0126	0x3608      	RLCF        R8, 1, 0
;__Lib_Math.c,89 :: 		
0x0128	0x5004      	MOVF        R4, 0, 0
;__Lib_Math.c,90 :: 		
0x012A	0x5E08      	SUBWF       R8, 1, 0
;__Lib_Math.c,91 :: 		
0x012C	0xB0D8      	BTFSC       STATUS, 0, 0
;__Lib_Math.c,92 :: 		
0x012E	0xD002      	BRA         $+6
;__Lib_Math.c,93 :: 		
0x0130	0x2608      	ADDWF       R8, 1, 0
;__Lib_Math.c,94 :: 		
0x0132	0x90D8      	BCF         STATUS, 0, 0
;__Lib_Math.c,95 :: 		
0x0134	0x3600      	RLCF        R0, 1, 0
;__Lib_Math.c,96 :: 		
0x0136	0x2E0C      	DECFSZ      R12, 1, 0
;__Lib_Math.c,97 :: 		
0x0138	0xD7F5      	BRA         $-20
;__Lib_Math.c,99 :: 		
L_end_Div_8X8_U:
0x013A	0x0012      	RETURN      0
; end of _Div_8X8_U
_ByteToStr:
;__Lib_Conversions.c,66 :: 		
;__Lib_Conversions.c,69 :: 		
0x013C	0x6A2D      	CLRF        ByteToStr_DigitPos_L0 
L_ByteToStr0:
0x013E	0x0E03      	MOVLW       3
0x0140	0x5C2D      	SUBWF       ByteToStr_DigitPos_L0, 0 
0x0142	0xE20A      	BC          L_ByteToStr1
;__Lib_Conversions.c,70 :: 		
0x0144	0x502D      	MOVF        ByteToStr_DigitPos_L0, 0 
0x0146	0x242B      	ADDWF       FARG_ByteToStr_output, 0 
0x0148	0x6EE1      	MOVWF       FSR1L 
0x014A	0x0E00      	MOVLW       0
0x014C	0x202C      	ADDWFC      FARG_ByteToStr_output+1, 0 
0x014E	0x6EE2      	MOVWF       FSR1H 
0x0150	0x0E20      	MOVLW       32
0x0152	0x6EE6      	MOVWF       POSTINC1 
;__Lib_Conversions.c,69 :: 		
0x0154	0x2A2D      	INCF        ByteToStr_DigitPos_L0, 1 
;__Lib_Conversions.c,70 :: 		
0x0156	0xD7F3      	BRA         L_ByteToStr0
L_ByteToStr1:
;__Lib_Conversions.c,72 :: 		
0x0158	0x502D      	MOVF        ByteToStr_DigitPos_L0, 0 
0x015A	0x242B      	ADDWF       FARG_ByteToStr_output, 0 
0x015C	0x6EE1      	MOVWF       FSR1L 
0x015E	0x0E00      	MOVLW       0
0x0160	0x202C      	ADDWFC      FARG_ByteToStr_output+1, 0 
0x0162	0x6EE2      	MOVWF       FSR1H 
0x0164	0x6AE6      	CLRF        POSTINC1 
0x0166	0x062D      	DECF        ByteToStr_DigitPos_L0, 1 
;__Lib_Conversions.c,74 :: 		
L_ByteToStr3:
;__Lib_Conversions.c,75 :: 		
0x0168	0x502D      	MOVF        ByteToStr_DigitPos_L0, 0 
0x016A	0x242B      	ADDWF       FARG_ByteToStr_output, 0 
0x016C	0x6E2E      	MOVWF       FLOC__ByteToStr 
0x016E	0x0E00      	MOVLW       0
0x0170	0x202C      	ADDWFC      FARG_ByteToStr_output+1, 0 
0x0172	0x6E2F      	MOVWF       FLOC__ByteToStr+1 
0x0174	0x0E0A      	MOVLW       10
0x0176	0x6E04      	MOVWF       R4 
0x0178	0xF000C02A  	MOVFF       FARG_ByteToStr_input, R0
0x017C	0xDFD0      	RCALL       _Div_8X8_U
0x017E	0xF000C008  	MOVFF       R8, R0
0x0182	0x0E30      	MOVLW       48
0x0184	0x2600      	ADDWF       R0, 1 
0x0186	0xFFE1C02E  	MOVFF       FLOC__ByteToStr, FSR1L
0x018A	0xFFE2C02F  	MOVFF       FLOC__ByteToStr+1, FSR1H
0x018E	0xFFE6C000  	MOVFF       R0, POSTINC1
;__Lib_Conversions.c,76 :: 		
0x0192	0x0E0A      	MOVLW       10
0x0194	0x6E04      	MOVWF       R4 
0x0196	0xF000C02A  	MOVFF       FARG_ByteToStr_input, R0
0x019A	0xDFC1      	RCALL       _Div_8X8_U
0x019C	0xF02AC000  	MOVFF       R0, FARG_ByteToStr_input
;__Lib_Conversions.c,77 :: 		
0x01A0	0x5000      	MOVF        R0, 0 
0x01A2	0x0A00      	XORLW       0
0x01A4	0xE101      	BNZ         L_ByteToStr5
;__Lib_Conversions.c,78 :: 		
0x01A6	0xD002      	BRA         L_ByteToStr4
L_ByteToStr5:
;__Lib_Conversions.c,79 :: 		
0x01A8	0x062D      	DECF        ByteToStr_DigitPos_L0, 1 
;__Lib_Conversions.c,80 :: 		
0x01AA	0xD7DE      	BRA         L_ByteToStr3
L_ByteToStr4:
;__Lib_Conversions.c,81 :: 		
L_end_ByteToStr:
0x01AC	0x0012      	RETURN      0
; end of _ByteToStr
_Lcd_Init:
;__Lib_Lcd.c,84 :: 		
;__Lib_Lcd.c,86 :: 		
0x01AE	0x9695      	BCF         LCD_EN_Direction, BitPos(LCD_EN_Direction+0) 
;__Lib_Lcd.c,87 :: 		
0x01B0	0x9495      	BCF         LCD_RS_Direction, BitPos(LCD_RS_Direction+0) 
;__Lib_Lcd.c,88 :: 		
0x01B2	0x9895      	BCF         LCD_D4_Direction, BitPos(LCD_D4_Direction+0) 
;__Lib_Lcd.c,89 :: 		
0x01B4	0x9A95      	BCF         LCD_D5_Direction, BitPos(LCD_D5_Direction+0) 
;__Lib_Lcd.c,90 :: 		
0x01B6	0x9C95      	BCF         LCD_D6_Direction, BitPos(LCD_D6_Direction+0) 
;__Lib_Lcd.c,91 :: 		
0x01B8	0x9E95      	BCF         LCD_D7_Direction, BitPos(LCD_D7_Direction+0) 
;__Lib_Lcd.c,93 :: 		
0x01BA	0x9683      	BCF         LCD_EN, BitPos(LCD_EN+0) 
;__Lib_Lcd.c,94 :: 		
0x01BC	0x9483      	BCF         LCD_RS, BitPos(LCD_RS+0) 
;__Lib_Lcd.c,95 :: 		
0x01BE	0x9E83      	BCF         LCD_D7, BitPos(LCD_D7+0) 
;__Lib_Lcd.c,96 :: 		
0x01C0	0x9C83      	BCF         LCD_D6, BitPos(LCD_D6+0) 
;__Lib_Lcd.c,97 :: 		
0x01C2	0x9A83      	BCF         LCD_D5, BitPos(LCD_D5+0) 
;__Lib_Lcd.c,98 :: 		
0x01C4	0x9883      	BCF         LCD_D4, BitPos(LCD_D4+0) 
;__Lib_Lcd.c,100 :: 		
0x01C6	0xDF54      	RCALL       _Delay_5500us
;__Lib_Lcd.c,101 :: 		
0x01C8	0xDF53      	RCALL       _Delay_5500us
;__Lib_Lcd.c,102 :: 		
0x01CA	0xDF52      	RCALL       _Delay_5500us
;__Lib_Lcd.c,105 :: 		
0x01CC	0x8A83      	BSF         LCD_D5, BitPos(LCD_D5+0) 
;__Lib_Lcd.c,106 :: 		
0x01CE	0x8883      	BSF         LCD_D4, BitPos(LCD_D4+0) 
;__Lib_Lcd.c,107 :: 		
0x01D0	0x8683      	BSF         LCD_EN, BitPos(LCD_EN+0) 
;__Lib_Lcd.c,108 :: 		
0x01D2	0xDF59      	RCALL       _Delay_1us
;__Lib_Lcd.c,109 :: 		
0x01D4	0x9683      	BCF         LCD_EN, BitPos(LCD_EN+0) 
;__Lib_Lcd.c,110 :: 		
0x01D6	0xDF4C      	RCALL       _Delay_5500us
;__Lib_Lcd.c,112 :: 		
0x01D8	0x8683      	BSF         LCD_EN, BitPos(LCD_EN+0) 
;__Lib_Lcd.c,113 :: 		
0x01DA	0xDF55      	RCALL       _Delay_1us
;__Lib_Lcd.c,114 :: 		
0x01DC	0x9683      	BCF         LCD_EN, BitPos(LCD_EN+0) 
;__Lib_Lcd.c,115 :: 		
0x01DE	0xDF48      	RCALL       _Delay_5500us
;__Lib_Lcd.c,117 :: 		
0x01E0	0x8683      	BSF         LCD_EN, BitPos(LCD_EN+0) 
;__Lib_Lcd.c,118 :: 		
0x01E2	0xDF51      	RCALL       _Delay_1us
;__Lib_Lcd.c,119 :: 		
0x01E4	0x9683      	BCF         LCD_EN, BitPos(LCD_EN+0) 
;__Lib_Lcd.c,120 :: 		
0x01E6	0xDF44      	RCALL       _Delay_5500us
;__Lib_Lcd.c,123 :: 		
0x01E8	0x9883      	BCF         LCD_D4, BitPos(LCD_D4+0) 
;__Lib_Lcd.c,124 :: 		
0x01EA	0x8683      	BSF         LCD_EN, BitPos(LCD_EN+0) 
;__Lib_Lcd.c,125 :: 		
0x01EC	0xDF4C      	RCALL       _Delay_1us
;__Lib_Lcd.c,126 :: 		
0x01EE	0x9683      	BCF         LCD_EN, BitPos(LCD_EN+0) 
;__Lib_Lcd.c,127 :: 		
0x01F0	0xDF3F      	RCALL       _Delay_5500us
;__Lib_Lcd.c,130 :: 		
0x01F2	0x8683      	BSF         LCD_EN, BitPos(LCD_EN+0) 
;__Lib_Lcd.c,131 :: 		
0x01F4	0xDF48      	RCALL       _Delay_1us
;__Lib_Lcd.c,132 :: 		
0x01F6	0x9683      	BCF         LCD_EN, BitPos(LCD_EN+0) 
;__Lib_Lcd.c,134 :: 		
0x01F8	0x9A83      	BCF         LCD_D5, BitPos(LCD_D5+0) 
;__Lib_Lcd.c,135 :: 		
0x01FA	0x8E83      	BSF         LCD_D7, BitPos(LCD_D7+0) 
;__Lib_Lcd.c,136 :: 		
0x01FC	0x8683      	BSF         LCD_EN, BitPos(LCD_EN+0) 
;__Lib_Lcd.c,137 :: 		
0x01FE	0xDF43      	RCALL       _Delay_1us
;__Lib_Lcd.c,138 :: 		
0x0200	0x9683      	BCF         LCD_EN, BitPos(LCD_EN+0) 
;__Lib_Lcd.c,139 :: 		
0x0202	0xDF36      	RCALL       _Delay_5500us
;__Lib_Lcd.c,142 :: 		
0x0204	0x9E83      	BCF         LCD_D7, BitPos(LCD_D7+0) 
;__Lib_Lcd.c,143 :: 		
0x0206	0x8883      	BSF         LCD_D4, BitPos(LCD_D4+0) 
;__Lib_Lcd.c,144 :: 		
0x0208	0x8683      	BSF         LCD_EN, BitPos(LCD_EN+0) 
;__Lib_Lcd.c,145 :: 		
0x020A	0xDF3D      	RCALL       _Delay_1us
;__Lib_Lcd.c,146 :: 		
0x020C	0x9683      	BCF         LCD_EN, BitPos(LCD_EN+0) 
;__Lib_Lcd.c,148 :: 		
0x020E	0x9883      	BCF         LCD_D4, BitPos(LCD_D4+0) 
;__Lib_Lcd.c,149 :: 		
0x0210	0x8683      	BSF         LCD_EN, BitPos(LCD_EN+0) 
;__Lib_Lcd.c,150 :: 		
0x0212	0xDF39      	RCALL       _Delay_1us
;__Lib_Lcd.c,151 :: 		
0x0214	0x9683      	BCF         LCD_EN, BitPos(LCD_EN+0) 
;__Lib_Lcd.c,152 :: 		
0x0216	0xDF2C      	RCALL       _Delay_5500us
;__Lib_Lcd.c,155 :: 		
0x0218	0x8683      	BSF         LCD_EN, BitPos(LCD_EN+0) 
;__Lib_Lcd.c,156 :: 		
0x021A	0xDF35      	RCALL       _Delay_1us
;__Lib_Lcd.c,157 :: 		
0x021C	0x9683      	BCF         LCD_EN, BitPos(LCD_EN+0) 
;__Lib_Lcd.c,159 :: 		
0x021E	0x8883      	BSF         LCD_D4, BitPos(LCD_D4+0) 
;__Lib_Lcd.c,160 :: 		
0x0220	0x8683      	BSF         LCD_EN, BitPos(LCD_EN+0) 
;__Lib_Lcd.c,161 :: 		
0x0222	0xDF31      	RCALL       _Delay_1us
;__Lib_Lcd.c,162 :: 		
0x0224	0x9683      	BCF         LCD_EN, BitPos(LCD_EN+0) 
;__Lib_Lcd.c,163 :: 		
0x0226	0xDF24      	RCALL       _Delay_5500us
;__Lib_Lcd.c,166 :: 		
0x0228	0x9883      	BCF         LCD_D4, BitPos(LCD_D4+0) 
;__Lib_Lcd.c,167 :: 		
0x022A	0x8683      	BSF         LCD_EN, BitPos(LCD_EN+0) 
;__Lib_Lcd.c,168 :: 		
0x022C	0xDF2C      	RCALL       _Delay_1us
;__Lib_Lcd.c,169 :: 		
0x022E	0x9683      	BCF         LCD_EN, BitPos(LCD_EN+0) 
;__Lib_Lcd.c,171 :: 		
0x0230	0x8E83      	BSF         LCD_D7, BitPos(LCD_D7+0) 
;__Lib_Lcd.c,172 :: 		
0x0232	0x8C83      	BSF         LCD_D6, BitPos(LCD_D6+0) 
;__Lib_Lcd.c,173 :: 		
0x0234	0x8A83      	BSF         LCD_D5, BitPos(LCD_D5+0) 
;__Lib_Lcd.c,174 :: 		
0x0236	0x8883      	BSF         LCD_D4, BitPos(LCD_D4+0) 
;__Lib_Lcd.c,175 :: 		
0x0238	0x8683      	BSF         LCD_EN, BitPos(LCD_EN+0) 
;__Lib_Lcd.c,176 :: 		
0x023A	0xDF25      	RCALL       _Delay_1us
;__Lib_Lcd.c,177 :: 		
0x023C	0x9683      	BCF         LCD_EN, BitPos(LCD_EN+0) 
;__Lib_Lcd.c,179 :: 		
0x023E	0xDF18      	RCALL       _Delay_5500us
;__Lib_Lcd.c,181 :: 		
0x0240	0x8029      	BSF         __Lib_Lcd_cmd_status, BitPos(__Lib_Lcd_cmd_status+0) 
;__Lib_Lcd.c,182 :: 		
L_end_Lcd_Init:
0x0242	0x0012      	RETURN      0
; end of _Lcd_Init
___CC2DW:
;__Lib_System.c,21 :: 		
;__Lib_System.c,23 :: 		
_CC2DL_Loop1:
;__Lib_System.c,24 :: 		
0x0244	0x0009      	TBLRD*+
;__Lib_System.c,25 :: 		
0x0246	0xFFE6CFF5  	MOVFF       TABLAT, POSTINC1
;__Lib_System.c,26 :: 		
0x024A	0x0600      	DECF        R0, 1, 0
;__Lib_System.c,27 :: 		
0x024C	0xE1FB      	BNZ         _CC2DL_Loop1
;__Lib_System.c,28 :: 		
0x024E	0x0601      	DECF        R1, 1, 0
;__Lib_System.c,29 :: 		
0x0250	0xE1F9      	BNZ         _CC2DL_Loop1
;__Lib_System.c,31 :: 		
L_end___CC2DW:
0x0252	0x0012      	RETURN      0
; end of ___CC2DW
_Lcd_Out_CP:
;__Lib_Lcd.c,57 :: 		
;__Lib_Lcd.c,59 :: 		
0x0254	0x6A2C      	CLRF        Lcd_Out_CP_i_L0 
;__Lib_Lcd.c,60 :: 		
L_Lcd_Out_CP2:
0x0256	0x502C      	MOVF        Lcd_Out_CP_i_L0, 0 
0x0258	0x242A      	ADDWF       FARG_Lcd_Out_CP_text, 0 
0x025A	0x6EE9      	MOVWF       FSR0L 
0x025C	0x0E00      	MOVLW       0
0x025E	0x202B      	ADDWFC      FARG_Lcd_Out_CP_text+1, 0 
0x0260	0x6EEA      	MOVWF       FSR0H 
0x0262	0x52EE      	MOVF        POSTINC0, 1 
0x0264	0xE00B      	BZ          L_Lcd_Out_CP3
;__Lib_Lcd.c,61 :: 		
0x0266	0x502C      	MOVF        Lcd_Out_CP_i_L0, 0 
0x0268	0x242A      	ADDWF       FARG_Lcd_Out_CP_text, 0 
0x026A	0x6EE9      	MOVWF       FSR0L 
0x026C	0x0E00      	MOVLW       0
0x026E	0x202B      	ADDWFC      FARG_Lcd_Out_CP_text+1, 0 
0x0270	0x6EEA      	MOVWF       FSR0H 
0x0272	0xF030CFEE  	MOVFF       POSTINC0, FARG_Lcd_Chr_CP_out_char
0x0276	0xDF4D      	RCALL       _Lcd_Chr_CP
0x0278	0x2A2C      	INCF        Lcd_Out_CP_i_L0, 1 
;__Lib_Lcd.c,62 :: 		
0x027A	0xD7ED      	BRA         L_Lcd_Out_CP2
L_Lcd_Out_CP3:
;__Lib_Lcd.c,63 :: 		
L_end_Lcd_Out_CP:
0x027C	0x0012      	RETURN      0
; end of _Lcd_Out_CP
_Lcd_Out:
;__Lib_Lcd.c,184 :: 		
;__Lib_Lcd.c,187 :: 		
0x027E	0xD00F      	BRA         L_Lcd_Out11
;__Lib_Lcd.c,188 :: 		
L_Lcd_Out13:
0x0280	0x0E80      	MOVLW       128
0x0282	0x6E2A      	MOVWF       FARG_Lcd_Out_row 
0x0284	0xD019      	BRA         L_Lcd_Out12
;__Lib_Lcd.c,189 :: 		
L_Lcd_Out14:
0x0286	0x0EC0      	MOVLW       192
0x0288	0x6E2A      	MOVWF       FARG_Lcd_Out_row 
0x028A	0xD016      	BRA         L_Lcd_Out12
;__Lib_Lcd.c,190 :: 		
L_Lcd_Out15:
0x028C	0x0E94      	MOVLW       148
0x028E	0x6E2A      	MOVWF       FARG_Lcd_Out_row 
0x0290	0xD013      	BRA         L_Lcd_Out12
;__Lib_Lcd.c,191 :: 		
L_Lcd_Out16:
0x0292	0x0ED4      	MOVLW       212
0x0294	0x6E2A      	MOVWF       FARG_Lcd_Out_row 
0x0296	0xD010      	BRA         L_Lcd_Out12
;__Lib_Lcd.c,192 :: 		
L_Lcd_Out17:
0x0298	0x0E80      	MOVLW       128
0x029A	0x6E2A      	MOVWF       FARG_Lcd_Out_row 
;__Lib_Lcd.c,193 :: 		
0x029C	0xD00D      	BRA         L_Lcd_Out12
L_Lcd_Out11:
0x029E	0x502A      	MOVF        FARG_Lcd_Out_row, 0 
0x02A0	0x0A01      	XORLW       1
0x02A2	0xE0EE      	BZ          L_Lcd_Out13
0x02A4	0x502A      	MOVF        FARG_Lcd_Out_row, 0 
0x02A6	0x0A02      	XORLW       2
0x02A8	0xE0EE      	BZ          L_Lcd_Out14
0x02AA	0x502A      	MOVF        FARG_Lcd_Out_row, 0 
0x02AC	0x0A03      	XORLW       3
0x02AE	0xE0EE      	BZ          L_Lcd_Out15
0x02B0	0x502A      	MOVF        FARG_Lcd_Out_row, 0 
0x02B2	0x0A04      	XORLW       4
0x02B4	0xE0EE      	BZ          L_Lcd_Out16
0x02B6	0xD7F0      	BRA         L_Lcd_Out17
L_Lcd_Out12:
;__Lib_Lcd.c,194 :: 		
0x02B8	0x042B      	DECF        FARG_Lcd_Out_column, 0 
0x02BA	0x6E00      	MOVWF       R0 
0x02BC	0x502A      	MOVF        FARG_Lcd_Out_row, 0 
0x02BE	0x2600      	ADDWF       R0, 1 
0x02C0	0xF02AC000  	MOVFF       R0, FARG_Lcd_Out_row
;__Lib_Lcd.c,196 :: 		
0x02C4	0xF031C000  	MOVFF       R0, FARG_Lcd_Cmd_out_char
0x02C8	0xDEE6      	RCALL       _Lcd_Cmd
;__Lib_Lcd.c,197 :: 		
0x02CA	0x9029      	BCF         __Lib_Lcd_cmd_status, BitPos(__Lib_Lcd_cmd_status+0) 
;__Lib_Lcd.c,198 :: 		
0x02CC	0x6A2E      	CLRF        Lcd_Out_i_L0 
;__Lib_Lcd.c,199 :: 		
L_Lcd_Out18:
0x02CE	0x502E      	MOVF        Lcd_Out_i_L0, 0 
0x02D0	0x242C      	ADDWF       FARG_Lcd_Out_text, 0 
0x02D2	0x6EE9      	MOVWF       FSR0L 
0x02D4	0x0E00      	MOVLW       0
0x02D6	0x202D      	ADDWFC      FARG_Lcd_Out_text+1, 0 
0x02D8	0x6EEA      	MOVWF       FSR0H 
0x02DA	0x52EE      	MOVF        POSTINC0, 1 
0x02DC	0xE00B      	BZ          L_Lcd_Out19
;__Lib_Lcd.c,200 :: 		
0x02DE	0x502E      	MOVF        Lcd_Out_i_L0, 0 
0x02E0	0x242C      	ADDWF       FARG_Lcd_Out_text, 0 
0x02E2	0x6EE9      	MOVWF       FSR0L 
0x02E4	0x0E00      	MOVLW       0
0x02E6	0x202D      	ADDWFC      FARG_Lcd_Out_text+1, 0 
0x02E8	0x6EEA      	MOVWF       FSR0H 
0x02EA	0xF030CFEE  	MOVFF       POSTINC0, FARG_Lcd_Chr_CP_out_char
0x02EE	0xDF11      	RCALL       _Lcd_Chr_CP
0x02F0	0x2A2E      	INCF        Lcd_Out_i_L0, 1 
0x02F2	0xD7ED      	BRA         L_Lcd_Out18
L_Lcd_Out19:
;__Lib_Lcd.c,201 :: 		
0x02F4	0x8029      	BSF         __Lib_Lcd_cmd_status, BitPos(__Lib_Lcd_cmd_status+0) 
;__Lib_Lcd.c,202 :: 		
L_end_Lcd_Out:
0x02F6	0x0012      	RETURN      0
; end of _Lcd_Out
_main:
0x02F8	0x6A19      	CLRF        _contador 
0x02FA	0x0E59      	MOVLW       89
0x02FC	0x6E1A      	MOVWF       ?lstr1_Practica5 
0x02FE	0x0E6F      	MOVLW       111
0x0300	0x6E1B      	MOVWF       27 
0x0302	0x0E75      	MOVLW       117
0x0304	0x6E1C      	MOVWF       28 
0x0306	0x0E72      	MOVLW       114
0x0308	0x6E1D      	MOVWF       29 
0x030A	0x0E20      	MOVLW       32
0x030C	0x6E1E      	MOVWF       30 
0x030E	0x0E54      	MOVLW       84
0x0310	0x6E1F      	MOVWF       31 
0x0312	0x0E75      	MOVLW       117
0x0314	0x6E20      	MOVWF       32 
0x0316	0x0E72      	MOVLW       114
0x0318	0x6E21      	MOVWF       33 
0x031A	0x0E6E      	MOVLW       110
0x031C	0x6E22      	MOVWF       34 
0x031E	0x0E3A      	MOVLW       58
0x0320	0x6E23      	MOVWF       35 
0x0322	0x6A24      	CLRF        36 
;Practica5.c,44 :: 		void main() {
;Practica5.c,45 :: 		TRISB=0xF0;
0x0324	0x0EF0      	MOVLW       240
0x0326	0x6E93      	MOVWF       TRISB 
;Practica5.c,46 :: 		PORTB=0;
0x0328	0x6A81      	CLRF        PORTB 
;Practica5.c,47 :: 		TRISD.B0=0;
0x032A	0x9095      	BCF         TRISD, 0 
;Practica5.c,49 :: 		INTCON2.RBPU=0; //se habilitan las resistencias de pullup de las entradas del PORTB
0x032C	0x9EF1      	BCF         INTCON2, 7 
;Practica5.c,50 :: 		x=PORTB;//para poder borrar el RBIF
0x032E	0xF028CF81  	MOVFF       PORTB, _x
;Practica5.c,51 :: 		INTCON.RBIF=0;
0x0332	0x90F2      	BCF         INTCON, 0 
;Practica5.c,52 :: 		INTCON.RBIE=1;
0x0334	0x86F2      	BSF         INTCON, 3 
;Practica5.c,53 :: 		INTCON.GIE=1;
0x0336	0x8EF2      	BSF         INTCON, 7 
;Practica5.c,55 :: 		Lcd_Init (); //Iniciamos Pantalla LCD
0x0338	0xDF3A      	RCALL       _Lcd_Init
;Practica5.c,58 :: 		x=PORTB;
0x033A	0xF028CF81  	MOVFF       PORTB, _x
;Practica5.c,59 :: 		INTCON.RBIF=1;
0x033E	0x80F2      	BSF         INTCON, 0 
;Practica5.c,62 :: 		while(1) {}
L_main15:
0x0340	0xD7FF      	BRA         L_main15
;Practica5.c,64 :: 		}
L_end_main:
0x0342	0xD7FF      	BRA         $+0
; end of _main
Symbol List:
//** Routines locations **
//ADDRESS    SIZE    PROCEDURE
//----------------------------------------------
0x0008     [104]    _interrupt
0x0070      [22]    _Delay_5500us
0x0086       [6]    _Delay_1us
0x008C      [10]    _Delay_50us
0x0096     [124]    _Lcd_Cmd
0x0112      [12]    _Lcd_Chr_CP
0x011E      [30]    _Div_8X8_U
0x013C     [114]    _ByteToStr
0x01AE     [150]    _Lcd_Init
0x0244      [16]    ___CC2DW
0x0254      [42]    _Lcd_Out_CP
0x027E     [122]    _Lcd_Out
0x02F8      [76]    _main
//** Variables locations ** 
//ADDRESS    SIZE    VARIABLE
//----------------------------------------------
0x0000       [1]    EEPROM_Write_SaveINTCON_L0
0x0000       [1]    __Lib_SoftI2C_PutZerosToLATScl_temp_scl_L0
0x0000       [1]    R0
0x0000       [1]    FLASH_Erase_64_SaveINTCON_L0
0x0000       [1]    SPI1_Write_tmp_L0
0x0000       [1]    UART1_Init_tmp_L0
0x0000       [1]    __Lib_SoftI2C_PutZerosToLATSda_temp_sda_L0
0x0001       [1]    __Lib_TFT_16bit_JPEG_FileReadBytes_Result_L0
0x0001       [1]    UART1_Read___tmp_UART1_Read_L0
0x0001       [1]    __Lib_TFT_16bit_JPEG_FileRead_i_L0
0x0001       [1]    ispunct_rslt_L0
0x0001       [1]    I2C1_Rd_tmp_L0
0x0001       [1]    __Lib_TFT_JPEG_FileRead_i_L0
0x0001       [1]    __Lib_TFT_JPEG_FileReadBytes_Result_L0
0x0001       [1]    FLASH_Write_8_i_L0
0x0001       [1]    FLASH_Erase_Write_64_i_L0
0x0001       [2]    FLASH_Read_N_Bytes_i_L0
0x0001       [1]    R1
0x0001       [1]    __Lib_PS2_Wait_Falling_nsample_L0
0x0002       [2]    strlen_cp_L0
0x0002       [2]    memcpy_dd_L0
0x0002       [1]    FLASH_Erase_Write_64_j_L0
0x0002       [2]    memchr_s_L0
0x0002       [1]    FLASH_Write_8_SaveINTCON_L0
0x0002       [1]    R2
0x0002       [2]    memset_pp_L0
0x0003       [1]    MM_Init_i_L0
0x0003       [2]    memmove_tt_L0
0x0003       [1]    R3
0x0003       [1]    FLASH_Erase_Write_64_SaveINTCON_L0
0x0003       [2]    Ltrim_original_L0
0x0003       [2]    __Lib_MmcFat16_f16_toInt_l_L0
0x0003       [1]    __Lib_Sprinti_?FLOC____Lib_Sprinti_Do_FillT29
0x0003       [2]    MM_TotalFreeMemSize_Tot_L0
0x0004       [2]    memcpy_ss_L0
0x0004       [2]    strncpy_cp_L0
0x0004       [2]    strcpy_cp_L0
0x0004       [2]    strcat_cp_L0
0x0004       [2]    strncat_cp_L0
0x0004       [2]    frexp_pom_L0
0x0004       [1]    __Lib_Sprinti_?FLOC____Lib_Sprinti_Do_FillT40
0x0004       [2]    __Lib_MemManager_MM_GetMemAlign_P_L0
0x0004       [1]    R4
0x0005       [1]    R5
0x0005       [2]    LongIntToHex_input_half_L0
0x0005       [2]    Ltrim_p_L0
0x0005       [2]    LongWordToHex_input_half_L0
0x0005       [1]    MM_TotalFreeMemSize_i_L0
0x0005       [2]    memmove_ff_L0
0x0005       [1]    __Lib_Sprinti_?FLOC____Lib_Sprinti_Do_FillT54
0x0006       [1]    R6
0x0006       [1]    __Lib_MemManager_MM_GetMemAlign_i_L0
0x0006       [1]    __Lib_Sprinti_?FLOC____Lib_Sprinti_Do_FillT69
0x0007       [1]    __Lib_TFT_16bit_JPEG_GenerateHuffmanTables_bLength_L0
0x0007       [1]    R7
0x0007       [1]    __Lib_TFT_JPEG_GenerateHuffmanTables_bLength_L0
0x0008       [1]    __Lib_TFT_JPEG_GenerateHuffmanTables_bTable_L0
0x0008       [1]    __Lib_TFT_16bit_JPEG_GenerateHuffmanTables_bTable_L0
0x0008       [1]    R8
0x0009       [4]    __Lib_MmcFat16_f16_toLong_l_L0
0x0009       [1]    R9
0x000A       [1]    R10
0x000B       [1]    R11
0x000C       [1]    R12
0x000D       [1]    R13
0x000E       [1]    R14
0x000F       [1]    R15
0x0010       [1]    R16
0x0011       [1]    R17
0x0012       [1]    R18
0x0013       [1]    R19
0x0014       [1]    R20
0x0019       [1]    _contador
0x001A      [11]    ?lstr1_Practica5
0x0025       [3]    _txt
0x0028       [1]    _x
0x0029       [0]    __Lib_Lcd_cmd_status
0x002A       [1]    FARG_Lcd_Out_row
0x002A       [1]    FARG_ByteToStr_input
0x002A       [2]    FARG_Lcd_Out_CP_text
0x002B       [1]    FARG_Lcd_Out_column
0x002B       [2]    FARG_ByteToStr_output
0x002C       [2]    FARG_Lcd_Out_text
0x002C       [1]    Lcd_Out_CP_i_L0
0x002D       [1]    ByteToStr_DigitPos_L0
0x002E       [1]    Lcd_Out_i_L0
0x002E       [2]    FLOC__ByteToStr
0x0030       [1]    FARG_Lcd_Chr_CP_out_char
0x0031       [1]    FARG_Lcd_Cmd_out_char
0x0F81       [1]    PORTB
0x0F83       [0]    RD5_bit
0x0F83       [0]    LCD_D6
0x0F83       [0]    RD6_bit
0x0F83       [0]    LCD_RS
0x0F83       [0]    LCD_EN
0x0F83       [0]    RD7_bit
0x0F83       [0]    LCD_D7
0x0F83       [1]    PORTD
0x0F83       [0]    RD2_bit
0x0F83       [0]    LCD_D4
0x0F83       [0]    LCD_D5
0x0F83       [0]    RD4_bit
0x0F83       [0]    RD3_bit
0x0F93       [1]    TRISB
0x0F95       [0]    LCD_D5_Direction
0x0F95       [0]    LCD_RS_Direction
0x0F95       [0]    TRISD3_bit
0x0F95       [0]    LCD_D4_Direction
0x0F95       [0]    LCD_D7_Direction
0x0F95       [0]    TRISD5_bit
0x0F95       [0]    TRISD4_bit
0x0F95       [0]    TRISD2_bit
0x0F95       [0]    LCD_EN_Direction
0x0F95       [0]    TRISD6_bit
0x0F95       [0]    TRISD7_bit
0x0F95       [0]    LCD_D6_Direction
0x0F95       [1]    TRISD
0x0FD8       [1]    STATUS
0x0FD9       [1]    FSR2L
0x0FDA       [1]    FSR2H
0x0FDE       [1]    POSTINC2
0x0FE0       [1]    BSR
0x0FE1       [1]    FSR1L
0x0FE2       [1]    FSR1H
0x0FE4       [1]    PREINC1
0x0FE6       [1]    POSTINC1
0x0FE7       [1]    INDF1
0x0FE8       [1]    WREG
0x0FE9       [1]    FSR0L
0x0FEA       [1]    FSR0H
0x0FEE       [1]    POSTINC0
0x0FF1       [1]    INTCON2
0x0FF2       [1]    INTCON
0x0FF3       [1]    PRODL
0x0FF4       [1]    PRODH
0x0FF5       [1]    TABLAT
0x0FF6       [1]    TBLPTRL
0x0FF7       [1]    TBLPTRH
0x0FF8       [1]    TBLPTRU
