;  LST file generated by mikroListExporter - v.2.0 
; Date/Time: 03/05/2016 14:57:31
;----------------------------------------------

;Address Opcode 	ASM
0x0000	0xF000EF91  	GOTO        290
_interrupt:
;Emisor.c,6 :: 		void interrupt(){
0x0008	0xF016C000  	MOVFF       R0, 22
0x000C	0xF015C001  	MOVFF       R1, 21
;Emisor.c,8 :: 		if(INTCON.RBIF){
0x0010	0xA0F2      	BTFSS       INTCON, 0 
0x0012	0xD043      	BRA         L_interrupt0
;Emisor.c,9 :: 		if(!flag){
0x0014	0x521A      	MOVF        _flag, 1 
0x0016	0xE107      	BNZ         L_interrupt1
;Emisor.c,10 :: 		T0CON = 0x80;  //Timer 16 bits con preescaler 2
0x0018	0x0E80      	MOVLW       128
0x001A	0x6ED5      	MOVWF       T0CON 
;Emisor.c,11 :: 		TMR0H = 0;
0x001C	0x6AD7      	CLRF        TMR0H 
;Emisor.c,12 :: 		TMR0L = 0;
0x001E	0x6AD6      	CLRF        TMR0L 
;Emisor.c,13 :: 		Flag = 1;
0x0020	0x0E01      	MOVLW       1
0x0022	0x6E1A      	MOVWF       _flag 
;Emisor.c,14 :: 		}
0x0024	0xD037      	BRA         L_interrupt2
L_interrupt1:
;Emisor.c,17 :: 		aux = TMR0L;
0x0026	0xF017CFD6  	MOVFF       TMR0L, _aux
0x002A	0x0E00      	MOVLW       0
0x002C	0x6E18      	MOVWF       _aux+1 
;Emisor.c,18 :: 		aux = aux + (TMR0H<<8);
0x002E	0xF001CFD7  	MOVFF       TMR0H, R1
0x0032	0x6A00      	CLRF        R0 
0x0034	0x5000      	MOVF        R0, 0 
0x0036	0x2617      	ADDWF       _aux, 1 
0x0038	0x5001      	MOVF        R1, 0 
0x003A	0x2218      	ADDWFC      _aux+1, 1 
;Emisor.c,19 :: 		for( i=0;i<2;i++)
0x003C	0x6A19      	CLRF        _i 
L_interrupt3:
0x003E	0x0E02      	MOVLW       2
0x0040	0x5C19      	SUBWF       _i, 0 
0x0042	0xE226      	BC          L_interrupt4
;Emisor.c,21 :: 		while(UART1_Tx_idle() != 1);
L_interrupt6:
0x0044	0xD82F      	RCALL       _UART1_Tx_Idle
0x0046	0x5000      	MOVF        R0, 0 
0x0048	0x0A01      	XORLW       1
0x004A	0xE001      	BZ          L_interrupt7
0x004C	0xD7FB      	BRA         L_interrupt6
L_interrupt7:
;Emisor.c,22 :: 		UART1_Write(aux>>(8*i));
0x004E	0x0E03      	MOVLW       3
0x0050	0x6E02      	MOVWF       R2 
0x0052	0xF000C019  	MOVFF       _i, R0
0x0056	0x0E00      	MOVLW       0
0x0058	0x6E01      	MOVWF       R1 
0x005A	0x5002      	MOVF        R2, 0 
L__interrupt15:
0x005C	0xE005      	BZ          L__interrupt16
0x005E	0x3600      	RLCF        R0, 1 
0x0060	0x9000      	BCF         R0, 0 
0x0062	0x3601      	RLCF        R1, 1 
0x0064	0x0FFF      	ADDLW       255
0x0066	0xD7FA      	BRA         L__interrupt15
L__interrupt16:
0x0068	0xF002C000  	MOVFF       R0, R2
0x006C	0xF000C017  	MOVFF       _aux, R0
0x0070	0xF001C018  	MOVFF       _aux+1, R1
0x0074	0x5002      	MOVF        R2, 0 
L__interrupt17:
0x0076	0xE007      	BZ          L__interrupt18
0x0078	0x3201      	RRCF        R1, 1 
0x007A	0x3200      	RRCF        R0, 1 
0x007C	0x9E01      	BCF         R1, 7 
0x007E	0xBC01      	BTFSC       R1, 6 
0x0080	0x8E01      	BSF         R1, 7 
0x0082	0x0FFF      	ADDLW       255
0x0084	0xD7F8      	BRA         L__interrupt17
L__interrupt18:
0x0086	0xF02CC000  	MOVFF       R0, FARG_UART1_Write_data_
0x008A	0xD811      	RCALL       _UART1_Write
;Emisor.c,19 :: 		for( i=0;i<2;i++)
0x008C	0x2A19      	INCF        _i, 1 
;Emisor.c,23 :: 		}
0x008E	0xD7D7      	BRA         L_interrupt3
L_interrupt4:
;Emisor.c,24 :: 		flag = 0;
0x0090	0x6A1A      	CLRF        _flag 
;Emisor.c,25 :: 		T0CON.B7=0;
0x0092	0x9ED5      	BCF         T0CON, 7 
;Emisor.c,26 :: 		}
L_interrupt2:
;Emisor.c,28 :: 		x = portb;
0x0094	0xF01BCF81  	MOVFF       PORTB, _x
;Emisor.c,29 :: 		INTCON.RBIF = 0;
0x0098	0x90F2      	BCF         INTCON, 0 
;Emisor.c,30 :: 		}
L_interrupt0:
;Emisor.c,31 :: 		}
L_end_interrupt:
L__interrupt14:
0x009A	0xF000C016  	MOVFF       22, R0
0x009E	0xF001C015  	MOVFF       21, R1
0x00A2	0x0011      	RETFIE      1
; end of _interrupt
_UART1_Tx_Idle:
;__Lib_UART_c67.c,52 :: 		
;__Lib_UART_c67.c,53 :: 		
0x00A4	0x0E00      	MOVLW       0
0x00A6	0xB2AC      	BTFSC       TXSTA, 1 
0x00A8	0x0E01      	MOVLW       1
0x00AA	0x6E00      	MOVWF       R0 
;__Lib_UART_c67.c,54 :: 		
L_end_UART1_Tx_Idle:
0x00AC	0x0012      	RETURN      0
; end of _UART1_Tx_Idle
_UART1_Write:
;__Lib_UART_c67.c,58 :: 		
;__Lib_UART_c67.c,59 :: 		
L_UART1_Write3:
0x00AE	0xB2AC      	BTFSC       TXSTA, 1 
0x00B0	0xD002      	BRA         L_UART1_Write4
;__Lib_UART_c67.c,60 :: 		
0x00B2	0x0000      	NOP
0x00B4	0xD7FC      	BRA         L_UART1_Write3
L_UART1_Write4:
;__Lib_UART_c67.c,61 :: 		
0x00B6	0xFFADC02C  	MOVFF       FARG_UART1_Write_data_, TXREG
;__Lib_UART_c67.c,62 :: 		
L_end_UART1_Write:
0x00BA	0x0012      	RETURN      0
; end of _UART1_Write
_UART1_Init:
;__Lib_UART_c67.c,15 :: 		
;__Lib_UART_c67.c,18 :: 		
0x00BC	0x0EAE      	MOVLW       _UART1_Write
0x00BE	0x6E24      	MOVWF       _UART_Wr_Ptr 
0x00C0	0x0E00      	MOVLW       hi_addr(_UART1_Write)
0x00C2	0x6E25      	MOVWF       _UART_Wr_Ptr+1 
0x00C4	0x0E2C      	MOVLW       FARG_UART1_Write_data_
0x00C6	0x6E26      	MOVWF       _UART_Wr_Ptr+2 
0x00C8	0x0E00      	MOVLW       hi_addr(FARG_UART1_Write_data_)
0x00CA	0x6E27      	MOVWF       _UART_Wr_Ptr+3 
;__Lib_UART_c67.c,19 :: 		
0x00CC	0x0EFF      	MOVLW       _UART1_Read
0x00CE	0x6E28      	MOVWF       _UART_Rd_Ptr 
0x00D0	0x0EFF      	MOVLW       hi_addr(_UART1_Read)
0x00D2	0x6E29      	MOVWF       _UART_Rd_Ptr+1 
0x00D4	0x0E00      	MOVLW       0
0x00D6	0x6E2A      	MOVWF       _UART_Rd_Ptr+2 
0x00D8	0x0E00      	MOVLW       0
0x00DA	0x6E2B      	MOVWF       _UART_Rd_Ptr+3 
;__Lib_UART_c67.c,20 :: 		
0x00DC	0x0EFF      	MOVLW       _UART1_Data_Ready
0x00DE	0x6E1C      	MOVWF       _UART_Rdy_Ptr 
0x00E0	0x0EFF      	MOVLW       hi_addr(_UART1_Data_Ready)
0x00E2	0x6E1D      	MOVWF       _UART_Rdy_Ptr+1 
0x00E4	0x0E00      	MOVLW       0
0x00E6	0x6E1E      	MOVWF       _UART_Rdy_Ptr+2 
0x00E8	0x0E00      	MOVLW       0
0x00EA	0x6E1F      	MOVWF       _UART_Rdy_Ptr+3 
;__Lib_UART_c67.c,21 :: 		
0x00EC	0x0EA4      	MOVLW       _UART1_Tx_Idle
0x00EE	0x6E20      	MOVWF       _UART_Tx_Idle_Ptr 
0x00F0	0x0E00      	MOVLW       hi_addr(_UART1_Tx_Idle)
0x00F2	0x6E21      	MOVWF       _UART_Tx_Idle_Ptr+1 
0x00F4	0x0E00      	MOVLW       0
0x00F6	0x6E22      	MOVWF       _UART_Tx_Idle_Ptr+2 
0x00F8	0x0E00      	MOVLW       0
0x00FA	0x6E23      	MOVWF       _UART_Tx_Idle_Ptr+3 
;__Lib_UART_c67.c,23 :: 		
0x00FC	0x8AAC      	BSF         TXSTA, 5 
;__Lib_UART_c67.c,24 :: 		
0x00FE	0x0E90      	MOVLW       144
0x0100	0x6EAB      	MOVWF       RCSTA 
;__Lib_UART_c67.c,25 :: 		
0x0102	0x8E94      	BSF         TRISC7_bit, BitPos(TRISC7_bit+0) 
;__Lib_UART_c67.c,26 :: 		
0x0104	0x9C94      	BCF         TRISC6_bit, BitPos(TRISC6_bit+0) 
;__Lib_UART_c67.c,28 :: 		
L_UART1_Init0:
0x0106	0xAA9E      	BTFSS       PIR1, 5 
0x0108	0xD003      	BRA         L_UART1_Init1
;__Lib_UART_c67.c,29 :: 		
0x010A	0xF000CFAE  	MOVFF       RCREG, R0
0x010E	0xD7FB      	BRA         L_UART1_Init0
L_UART1_Init1:
;__Lib_UART_c67.c,30 :: 		
L_end_UART1_Init:
0x0110	0x0012      	RETURN      0
; end of _UART1_Init
___CC2DW:
;__Lib_System.c,21 :: 		
;__Lib_System.c,23 :: 		
_CC2DL_Loop1:
;__Lib_System.c,24 :: 		
0x0112	0x0009      	TBLRD*+
;__Lib_System.c,25 :: 		
0x0114	0xFFE6CFF5  	MOVFF       TABLAT, POSTINC1
;__Lib_System.c,26 :: 		
0x0118	0x0600      	DECF        R0, 1, 0
;__Lib_System.c,27 :: 		
0x011A	0xE1FB      	BNZ         _CC2DL_Loop1
;__Lib_System.c,28 :: 		
0x011C	0x0601      	DECF        R1, 1, 0
;__Lib_System.c,29 :: 		
0x011E	0xE1F9      	BNZ         _CC2DL_Loop1
;__Lib_System.c,31 :: 		
L_end___CC2DW:
0x0120	0x0012      	RETURN      0
; end of ___CC2DW
_main:
0x0122	0x6A17      	CLRF        _aux 
0x0124	0x6A18      	CLRF        24 
0x0126	0x6A19      	CLRF        _i 
0x0128	0x6A1A      	CLRF        _flag 
0x012A	0x6A1B      	CLRF        _x 
;Emisor.c,33 :: 		void main() {
;Emisor.c,35 :: 		TRISB.B0 = 0; // b1 salida
0x012C	0x9093      	BCF         TRISB, 0 
;Emisor.c,36 :: 		PORTB.B0 = 0;
0x012E	0x9081      	BCF         PORTB, 0 
;Emisor.c,38 :: 		TRISB.B4 = 1; //  rb4 entrada
0x0130	0x8893      	BSF         TRISB, 4 
;Emisor.c,40 :: 		TRISC.B6 = 0; //salida Tx
0x0132	0x9C94      	BCF         TRISC, 6 
;Emisor.c,41 :: 		PORTC.B6 = 1;
0x0134	0x8C82      	BSF         PORTC, 6 
;Emisor.c,43 :: 		INTCON.PEIE = 0; // core
0x0136	0x9CF2      	BCF         INTCON, 6 
;Emisor.c,44 :: 		RCON.IPEN = 0;
0x0138	0x9ED0      	BCF         RCON, 7 
;Emisor.c,45 :: 		x = PORTB;
0x013A	0xF01BCF81  	MOVFF       PORTB, _x
;Emisor.c,46 :: 		INTCON.RBIF = 0; // flag a 0
0x013E	0x90F2      	BCF         INTCON, 0 
;Emisor.c,47 :: 		INTCON.RBIE = 1; //interrupción por cambio de nivel
0x0140	0x86F2      	BSF         INTCON, 3 
;Emisor.c,48 :: 		INTCON.GIE = 1; // se habilitan las interrupciones
0x0142	0x8EF2      	BSF         INTCON, 7 
;Emisor.c,50 :: 		UART1_Init(9600);
0x0144	0x0E33      	MOVLW       51
0x0146	0x6EAF      	MOVWF       SPBRG 
0x0148	0x84AC      	BSF         TXSTA, 2, 0
0x014A	0xDFB8      	RCALL       _UART1_Init
;Emisor.c,51 :: 		delay_ms(300);
0x014C	0x0E04      	MOVLW       4
0x014E	0x6E0B      	MOVWF       R11, 0
0x0150	0x0E0C      	MOVLW       12
0x0152	0x6E0C      	MOVWF       R12, 0
0x0154	0x0E33      	MOVLW       51
0x0156	0x6E0D      	MOVWF       R13, 0
L_main8:
0x0158	0x2E0D      	DECFSZ      R13, 1, 0
0x015A	0xD7FE      	BRA         L_main8
0x015C	0x2E0C      	DECFSZ      R12, 1, 0
0x015E	0xD7FC      	BRA         L_main8
0x0160	0x2E0B      	DECFSZ      R11, 1, 0
0x0162	0xD7FA      	BRA         L_main8
0x0164	0x0000      	NOP
0x0166	0x0000      	NOP
;Emisor.c,53 :: 		while(1)
L_main9:
;Emisor.c,55 :: 		PORTB.B0=1;
0x0168	0x8081      	BSF         PORTB, 0 
;Emisor.c,56 :: 		Delay_us(10);
0x016A	0x0E06      	MOVLW       6
0x016C	0x6E0D      	MOVWF       R13, 0
L_main11:
0x016E	0x2E0D      	DECFSZ      R13, 1, 0
0x0170	0xD7FE      	BRA         L_main11
0x0172	0x0000      	NOP
;Emisor.c,57 :: 		PORTB.B0=0;
0x0174	0x9081      	BCF         PORTB, 0 
;Emisor.c,58 :: 		Delay_ms(1500);
0x0176	0x0E10      	MOVLW       16
0x0178	0x6E0B      	MOVWF       R11, 0
0x017A	0x0E39      	MOVLW       57
0x017C	0x6E0C      	MOVWF       R12, 0
0x017E	0x0E0D      	MOVLW       13
0x0180	0x6E0D      	MOVWF       R13, 0
L_main12:
0x0182	0x2E0D      	DECFSZ      R13, 1, 0
0x0184	0xD7FE      	BRA         L_main12
0x0186	0x2E0C      	DECFSZ      R12, 1, 0
0x0188	0xD7FC      	BRA         L_main12
0x018A	0x2E0B      	DECFSZ      R11, 1, 0
0x018C	0xD7FA      	BRA         L_main12
0x018E	0x0000      	NOP
0x0190	0x0000      	NOP
;Emisor.c,59 :: 		}
0x0192	0xD7EA      	BRA         L_main9
;Emisor.c,60 :: 		}
L_end_main:
0x0194	0xD7FF      	BRA         $+0
; end of _main
Symbol List:
//** Routines locations **
//ADDRESS    SIZE    PROCEDURE
//----------------------------------------------
0x0008     [156]    _interrupt
0x00A4      [10]    _UART1_Tx_Idle
0x00AE      [14]    _UART1_Write
0x00BC      [86]    _UART1_Init
0x0112      [16]    ___CC2DW
0x0122     [116]    _main
//** Variables locations ** 
//ADDRESS    SIZE    VARIABLE
//----------------------------------------------
0x0000       [1]    SPI1_Write_tmp_L0
0x0000       [1]    __Lib_SoftI2C_PutZerosToLATSda_temp_sda_L0
0x0000       [1]    UART1_Init_tmp_L0
0x0000       [1]    __Lib_SoftI2C_PutZerosToLATScl_temp_scl_L0
0x0000       [1]    EEPROM_Write_SaveINTCON_L0
0x0000       [1]    R0
0x0000       [1]    FLASH_Erase_64_SaveINTCON_L0
0x0001       [1]    UART1_Read___tmp_UART1_Read_L0
0x0001       [2]    FLASH_Read_N_Bytes_i_L0
0x0001       [1]    FLASH_Erase_Write_64_i_L0
0x0001       [1]    FLASH_Write_8_i_L0
0x0001       [1]    R1
0x0001       [1]    I2C1_Rd_tmp_L0
0x0001       [1]    ispunct_rslt_L0
0x0001       [1]    __Lib_TFT_JPEG_FileReadBytes_Result_L0
0x0001       [1]    __Lib_PS2_Wait_Falling_nsample_L0
0x0001       [1]    __Lib_TFT_16bit_JPEG_FileReadBytes_Result_L0
0x0001       [1]    __Lib_TFT_16bit_JPEG_FileRead_i_L0
0x0001       [1]    __Lib_TFT_JPEG_FileRead_i_L0
0x0002       [2]    strlen_cp_L0
0x0002       [1]    R2
0x0002       [1]    FLASH_Erase_Write_64_j_L0
0x0002       [1]    FLASH_Write_8_SaveINTCON_L0
0x0002       [2]    memcpy_dd_L0
0x0002       [2]    memchr_s_L0
0x0002       [2]    memset_pp_L0
0x0003       [2]    MM_TotalFreeMemSize_Tot_L0
0x0003       [1]    FLASH_Erase_Write_64_SaveINTCON_L0
0x0003       [2]    memmove_tt_L0
0x0003       [1]    __Lib_Sprinti_?FLOC____Lib_Sprinti_Do_FillT29
0x0003       [2]    Ltrim_original_L0
0x0003       [1]    R3
0x0003       [2]    __Lib_MmcFat16_f16_toInt_l_L0
0x0003       [1]    MM_Init_i_L0
0x0004       [2]    strcpy_cp_L0
0x0004       [2]    strcat_cp_L0
0x0004       [2]    strncpy_cp_L0
0x0004       [2]    strncat_cp_L0
0x0004       [2]    memcpy_ss_L0
0x0004       [2]    frexp_pom_L0
0x0004       [2]    __Lib_MemManager_MM_GetMemAlign_P_L0
0x0004       [1]    R4
0x0004       [1]    __Lib_Sprinti_?FLOC____Lib_Sprinti_Do_FillT40
0x0005       [2]    LongIntToHex_input_half_L0
0x0005       [1]    MM_TotalFreeMemSize_i_L0
0x0005       [2]    memmove_ff_L0
0x0005       [2]    LongWordToHex_input_half_L0
0x0005       [1]    __Lib_Sprinti_?FLOC____Lib_Sprinti_Do_FillT54
0x0005       [2]    Ltrim_p_L0
0x0005       [1]    R5
0x0006       [1]    __Lib_MemManager_MM_GetMemAlign_i_L0
0x0006       [1]    __Lib_Sprinti_?FLOC____Lib_Sprinti_Do_FillT69
0x0006       [1]    R6
0x0007       [1]    R7
0x0007       [1]    __Lib_TFT_16bit_JPEG_GenerateHuffmanTables_bLength_L0
0x0007       [1]    __Lib_TFT_JPEG_GenerateHuffmanTables_bLength_L0
0x0008       [1]    __Lib_TFT_16bit_JPEG_GenerateHuffmanTables_bTable_L0
0x0008       [1]    R8
0x0008       [1]    __Lib_TFT_JPEG_GenerateHuffmanTables_bTable_L0
0x0009       [4]    __Lib_MmcFat16_f16_toLong_l_L0
0x0009       [1]    R9
0x000A       [1]    R10
0x000B       [1]    R11
0x000C       [1]    R12
0x000D       [1]    R13
0x000E       [1]    R14
0x000F       [1]    R15
0x0010       [1]    R16
0x0011       [1]    R17
0x0012       [1]    R18
0x0013       [1]    R19
0x0014       [1]    R20
0x0017       [2]    _aux
0x0019       [1]    _i
0x001A       [1]    _flag
0x001B       [1]    _x
0x001C       [4]    _UART_Rdy_Ptr
0x0020       [4]    _UART_Tx_Idle_Ptr
0x0024       [4]    _UART_Wr_Ptr
0x0028       [4]    _UART_Rd_Ptr
0x002C       [1]    FARG_UART1_Write_data_
0x0F81       [1]    PORTB
0x0F82       [1]    PORTC
0x0F93       [1]    TRISB
0x0F94       [1]    TRISC
0x0F94       [0]    TRISC6_bit
0x0F94       [0]    TRISC7_bit
0x0F9E       [1]    PIR1
0x0FAB       [1]    RCSTA
0x0FAC       [1]    TXSTA
0x0FAD       [1]    TXREG
0x0FAE       [1]    RCREG
0x0FAF       [1]    SPBRG
0x0FD0       [1]    RCON
0x0FD5       [1]    T0CON
0x0FD6       [1]    TMR0L
0x0FD7       [1]    TMR0H
0x0FD8       [1]    STATUS
0x0FD9       [1]    FSR2L
0x0FDA       [1]    FSR2H
0x0FDE       [1]    POSTINC2
0x0FE0       [1]    BSR
0x0FE1       [1]    FSR1L
0x0FE2       [1]    FSR1H
0x0FE4       [1]    PREINC1
0x0FE6       [1]    POSTINC1
0x0FE7       [1]    INDF1
0x0FE8       [1]    WREG
0x0FE9       [1]    FSR0L
0x0FEA       [1]    FSR0H
0x0FEE       [1]    POSTINC0
0x0FF2       [1]    INTCON
0x0FF3       [1]    PRODL
0x0FF4       [1]    PRODH
0x0FF5       [1]    TABLAT
0x0FF6       [1]    TBLPTRL
0x0FF7       [1]    TBLPTRH
0x0FF8       [1]    TBLPTRU
//** Label List: ** 
//----------------------------------------------
  L_interrupt0
  L_interrupt1
  L_interrupt2
  L_interrupt3
  L_interrupt4
  L_interrupt5
  L_interrupt6
  L_interrupt7
  L_main8
  L_main9
  L_main10
  L_main11
  L_main12
  L_end_interrupt
  _interrupt
  L__interrupt14
  L__interrupt15
  L__interrupt16
  L__interrupt17
  L__interrupt18
  L_end_main
  _main
  _CC2D_Loop1
  _CC2DL_Loop1
  L_loopCA2AWs
  L_loopCCA2AWs
  L_loopCS2Ss
  L_CS2Send
  L_loopCCS2Ss
  L_CCS2Send
  L_loopFZinSWs
  L_longjmp7
  L_end___CC2D
  ___CC2D
  L_end___CC2DW
  ___CC2DW
  L_end___CA2AW
  ___CA2AW
  L_end___CCA2AW
  ___CCA2AW
  L_end___CS2S
  ___CS2S
  L_end___CCS2S
  ___CCS2S
  L_end___FZinS
  ___FZinS
  L_end_____DoIFC
  _____DoIFC
  L_end_Swap
  _Swap
  L_end_setjmp
  _setjmp
  L_end_longjmp
  _longjmp
  L_UART1_Init0
  L_UART1_Init1
  L_UART1_Read2
  L_UART1_Write3
  L_UART1_Write4
  L_UART1_Write_Text5
  L_UART1_Write_Text6
  L_UART1_Read_Text7
  L_UART1_Read_Text8
  L_UART1_Read_Text9
  L_UART1_Read_Text10
  L_UART1_Read_Text11
  L_UART1_Read_Text12
  L_UART1_Read_Text13
  L_UART1_Read_Text14
  L_UART1_Read_Text15
  L_UART_Write_Text16
  L_UART_Write_Text17
  L_UART_Read_Text18
  L_UART_Read_Text19
  L_UART_Read_Text20
  L_UART_Read_Text21
  L_UART_Read_Text22
  L_UART_Read_Text23
  L_UART_Read_Text24
  L_UART_Read_Text25
  L_UART_Read_Text26
  L_end_UART1_Init
  _UART1_Init
  L_end_UART1_Data_Ready
  _UART1_Data_Ready
  L_end_UART1_Read
  _UART1_Read
  L_end_UART1_Tx_Idle
  _UART1_Tx_Idle
  L_end_UART1_Write
  _UART1_Write
  L_end_UART1_Write_Text
  _UART1_Write_Text
  L_end_UART1_Read_Text
  _UART1_Read_Text
  L_end_UART_Set_Active
  _UART_Set_Active
  L_end_UART_Write
  _UART_Write
  L_end_UART_Write_Text
  _UART_Write_Text
  L_end_UART_Read
  _UART_Read
  L_end_UART_Data_Ready
  _UART_Data_Ready
  L_end_UART_Read_Text
  _UART_Read_Text
  L_end_UART_Tx_Idle
  _UART_Tx_Idle
  L_interrupt0
  L_interrupt1
  L_interrupt2
  L_interrupt3
  L_interrupt4
  L_interrupt5
  L_interrupt6
  L_interrupt7
  L_main8
  L_main9
  L_main10
  L_main11
  L_main12
  L_end_interrupt
  _interrupt
  L__interrupt14
  L__interrupt15
  L__interrupt16
  L__interrupt17
  L__interrupt18
  L_end_main
  _main
  L_UART1_Init0
  L_UART1_Init1
  L_UART1_Read2
  L_UART1_Write3
  L_UART1_Write4
  L_UART1_Write_Text5
  L_UART1_Write_Text6
  L_UART1_Read_Text7
  L_UART1_Read_Text8
  L_UART1_Read_Text9
  L_UART1_Read_Text10
  L_UART1_Read_Text11
  L_UART1_Read_Text12
  L_UART1_Read_Text13
  L_UART1_Read_Text14
  L_UART1_Read_Text15
  L_UART_Write_Text16
  L_UART_Write_Text17
  L_UART_Read_Text18
  L_UART_Read_Text19
  L_UART_Read_Text20
  L_UART_Read_Text21
  L_UART_Read_Text22
  L_UART_Read_Text23
  L_UART_Read_Text24
  L_UART_Read_Text25
  L_UART_Read_Text26
  L_end_UART1_Init
  _UART1_Init
  L_end_UART1_Data_Ready
  _UART1_Data_Ready
  L_end_UART1_Read
  _UART1_Read
  L_end_UART1_Tx_Idle
  _UART1_Tx_Idle
  L_end_UART1_Write
  _UART1_Write
  L_end_UART1_Write_Text
  _UART1_Write_Text
  L_end_UART1_Read_Text
  _UART1_Read_Text
  L_end_UART_Set_Active
  _UART_Set_Active
  L_end_UART_Write
  _UART_Write
  L_end_UART_Write_Text
  _UART_Write_Text
  L_end_UART_Read
  _UART_Read
  L_end_UART_Data_Ready
  _UART_Data_Ready
  L_end_UART_Read_Text
  _UART_Read_Text
  L_end_UART_Tx_Idle
  _UART_Tx_Idle
